INFO - 2023-06-21 00:01:13 --> Session: Class initialized using 'CodeIgniter\Session\Handlers\FileHandler' driver.
INFO - 2023-06-21 00:01:14 --> Session: Class initialized using 'CodeIgniter\Session\Handlers\FileHandler' driver.
INFO - 2023-06-21 00:02:13 --> Session: Class initialized using 'CodeIgniter\Session\Handlers\FileHandler' driver.
INFO - 2023-06-21 00:02:22 --> Session: Class initialized using 'CodeIgniter\Session\Handlers\FileHandler' driver.
INFO - 2023-06-21 00:03:05 --> Session: Class initialized using 'CodeIgniter\Session\Handlers\FileHandler' driver.
INFO - 2023-06-21 00:03:43 --> Session: Class initialized using 'CodeIgniter\Session\Handlers\FileHandler' driver.
INFO - 2023-06-21 00:04:09 --> Session: Class initialized using 'CodeIgniter\Session\Handlers\FileHandler' driver.
CRITICAL - 2023-06-21 00:07:18 --> Invalid file: "product-detail/index.php"
in SYSTEMPATH\Exceptions\FrameworkException.php on line 33.
 1 SYSTEMPATH\View\View.php(201): CodeIgniter\Exceptions\FrameworkException::forInvalidFile('product-detail/index.php')
 2 SYSTEMPATH\Common.php(1184): CodeIgniter\View\View->render('product-detail/index', [], true)
 3 APPPATH\Controllers\ProductDetailController.php(19): view('product-detail/index', [...])
 4 SYSTEMPATH\CodeIgniter.php(934): App\Controllers\ProductDetailController->index()
 5 SYSTEMPATH\CodeIgniter.php(499): CodeIgniter\CodeIgniter->runController(Object(App\Controllers\ProductDetailController))
 6 SYSTEMPATH\CodeIgniter.php(368): CodeIgniter\CodeIgniter->handleRequest(null, Object(Config\Cache), false)
 7 FCPATH\index.php(67): CodeIgniter\CodeIgniter->run()
 8 SYSTEMPATH\Commands\Server\rewrite.php(47): require_once('C:\\laragon\\www\\github31\\aradan_codeigniter\\public\\index.php')
CRITICAL - 2023-06-21 00:13:25 --> Invalid file: "product-detail/index.php"
in SYSTEMPATH\Exceptions\FrameworkException.php on line 33.
 1 SYSTEMPATH\View\View.php(201): CodeIgniter\Exceptions\FrameworkException::forInvalidFile('product-detail/index.php')
 2 SYSTEMPATH\Common.php(1184): CodeIgniter\View\View->render('product-detail/index', [], true)
 3 APPPATH\Controllers\ProductDetailController.php(19): view('product-detail/index', [...])
 4 SYSTEMPATH\CodeIgniter.php(934): App\Controllers\ProductDetailController->index()
 5 SYSTEMPATH\CodeIgniter.php(499): CodeIgniter\CodeIgniter->runController(Object(App\Controllers\ProductDetailController))
 6 SYSTEMPATH\CodeIgniter.php(368): CodeIgniter\CodeIgniter->handleRequest(null, Object(Config\Cache), false)
 7 FCPATH\index.php(67): CodeIgniter\CodeIgniter->run()
 8 SYSTEMPATH\Commands\Server\rewrite.php(47): require_once('C:\\laragon\\www\\github31\\aradan_codeigniter\\public\\index.php')
INFO - 2023-06-21 00:13:25 --> Session: Class initialized using 'CodeIgniter\Session\Handlers\FileHandler' driver.
CRITICAL - 2023-06-21 00:55:32 --> Invalid file: "product-detail/index.php"
in SYSTEMPATH\Exceptions\FrameworkException.php on line 33.
 1 SYSTEMPATH\View\View.php(201): CodeIgniter\Exceptions\FrameworkException::forInvalidFile('product-detail/index.php')
 2 SYSTEMPATH\Common.php(1184): CodeIgniter\View\View->render('product-detail/index', [], true)
 3 APPPATH\Controllers\ProductDetailController.php(19): view('product-detail/index', [...])
 4 SYSTEMPATH\CodeIgniter.php(934): App\Controllers\ProductDetailController->index()
 5 SYSTEMPATH\CodeIgniter.php(499): CodeIgniter\CodeIgniter->runController(Object(App\Controllers\ProductDetailController))
 6 SYSTEMPATH\CodeIgniter.php(368): CodeIgniter\CodeIgniter->handleRequest(null, Object(Config\Cache), false)
 7 FCPATH\index.php(67): CodeIgniter\CodeIgniter->run()
 8 SYSTEMPATH\Commands\Server\rewrite.php(47): require_once('C:\\laragon\\www\\github31\\aradan_codeigniter\\public\\index.php')
CRITICAL - 2023-06-21 00:57:04 --> Undefined variable $title
in APPPATH\Views\product-detail\index.php on line 11.
 1 APPPATH\Views\product-detail\index.php(11): CodeIgniter\Debug\Exceptions->errorHandler(2, 'Undefined variable $title', 'C:\\laragon\\www\\github31\\aradan_codeigniter\\app\\Views\\product-detail\\index.php', 11)
 2 SYSTEMPATH\View\View.php(213): include('C:\\laragon\\www\\github31\\aradan_codeigniter\\app\\Views\\product-detail\\index.php')
 3 SYSTEMPATH\View\View.php(216): CodeIgniter\View\View->CodeIgniter\View\{closure}()
 4 SYSTEMPATH\Common.php(1184): CodeIgniter\View\View->render('product-detail/index', [], true)
 5 APPPATH\Controllers\ProductDetailController.php(19): view('product-detail/index', [...])
 6 SYSTEMPATH\CodeIgniter.php(934): App\Controllers\ProductDetailController->index()
 7 SYSTEMPATH\CodeIgniter.php(499): CodeIgniter\CodeIgniter->runController(Object(App\Controllers\ProductDetailController))
 8 SYSTEMPATH\CodeIgniter.php(368): CodeIgniter\CodeIgniter->handleRequest(null, Object(Config\Cache), false)
 9 FCPATH\index.php(67): CodeIgniter\CodeIgniter->run()
10 SYSTEMPATH\Commands\Server\rewrite.php(47): require_once('C:\\laragon\\www\\github31\\aradan_codeigniter\\public\\index.php')
INFO - 2023-06-21 00:57:52 --> Session: Class initialized using 'CodeIgniter\Session\Handlers\FileHandler' driver.
INFO - 2023-06-21 00:59:11 --> Session: Class initialized using 'CodeIgniter\Session\Handlers\FileHandler' driver.
INFO - 2023-06-21 01:00:58 --> Session: Class initialized using 'CodeIgniter\Session\Handlers\FileHandler' driver.
CRITICAL - 2023-06-21 01:00:58 --> Undefined variable $product
in APPPATH\Views\product-detail\index.php on line 64.
 1 APPPATH\Views\product-detail\index.php(64): CodeIgniter\Debug\Exceptions->errorHandler(2, 'Undefined variable $product', 'C:\\laragon\\www\\github31\\aradan_codeigniter\\app\\Views\\product-detail\\index.php', 64)
 2 SYSTEMPATH\View\View.php(213): include('C:\\laragon\\www\\github31\\aradan_codeigniter\\app\\Views\\product-detail\\index.php')
 3 SYSTEMPATH\View\View.php(216): CodeIgniter\View\View->CodeIgniter\View\{closure}()
 4 SYSTEMPATH\Common.php(1184): CodeIgniter\View\View->render('product-detail/index', [], true)
 5 APPPATH\Controllers\ProductDetailController.php(19): view('product-detail/index', [...])
 6 SYSTEMPATH\CodeIgniter.php(934): App\Controllers\ProductDetailController->index()
 7 SYSTEMPATH\CodeIgniter.php(499): CodeIgniter\CodeIgniter->runController(Object(App\Controllers\ProductDetailController))
 8 SYSTEMPATH\CodeIgniter.php(368): CodeIgniter\CodeIgniter->handleRequest(null, Object(Config\Cache), false)
 9 FCPATH\index.php(67): CodeIgniter\CodeIgniter->run()
10 SYSTEMPATH\Commands\Server\rewrite.php(47): require_once('C:\\laragon\\www\\github31\\aradan_codeigniter\\public\\index.php')
INFO - 2023-06-21 01:03:28 --> Session: Class initialized using 'CodeIgniter\Session\Handlers\FileHandler' driver.
CRITICAL - 2023-06-21 01:03:28 --> Undefined array key "title"
in APPPATH\Views\product-detail\index.php on line 69.
 1 APPPATH\Views\product-detail\index.php(69): CodeIgniter\Debug\Exceptions->errorHandler(2, 'Undefined array key "title"', 'C:\\laragon\\www\\github31\\aradan_codeigniter\\app\\Views\\product-detail\\index.php', 69)
 2 SYSTEMPATH\View\View.php(213): include('C:\\laragon\\www\\github31\\aradan_codeigniter\\app\\Views\\product-detail\\index.php')
 3 SYSTEMPATH\View\View.php(216): CodeIgniter\View\View->CodeIgniter\View\{closure}()
 4 SYSTEMPATH\Common.php(1184): CodeIgniter\View\View->render('product-detail/index', [], true)
 5 APPPATH\Controllers\ProductDetailController.php(19): view('product-detail/index', [...])
 6 SYSTEMPATH\CodeIgniter.php(934): App\Controllers\ProductDetailController->index()
 7 SYSTEMPATH\CodeIgniter.php(499): CodeIgniter\CodeIgniter->runController(Object(App\Controllers\ProductDetailController))
 8 SYSTEMPATH\CodeIgniter.php(368): CodeIgniter\CodeIgniter->handleRequest(null, Object(Config\Cache), false)
 9 FCPATH\index.php(67): CodeIgniter\CodeIgniter->run()
10 SYSTEMPATH\Commands\Server\rewrite.php(47): require_once('C:\\laragon\\www\\github31\\aradan_codeigniter\\public\\index.php')
INFO - 2023-06-21 01:05:07 --> Session: Class initialized using 'CodeIgniter\Session\Handlers\FileHandler' driver.
INFO - 2023-06-21 01:17:36 --> Session: Class initialized using 'CodeIgniter\Session\Handlers\FileHandler' driver.
CRITICAL - 2023-06-21 01:17:40 --> Call to undefined method App\Models\Product::with
in SYSTEMPATH\Model.php on line 842.
 1 APPPATH\Controllers\ProductController.php(32): CodeIgniter\Model->__call('with', [...])
 2 SYSTEMPATH\CodeIgniter.php(934): App\Controllers\ProductController->index()
 3 SYSTEMPATH\CodeIgniter.php(499): CodeIgniter\CodeIgniter->runController(Object(App\Controllers\ProductController))
 4 SYSTEMPATH\CodeIgniter.php(368): CodeIgniter\CodeIgniter->handleRequest(null, Object(Config\Cache), false)
 5 FCPATH\index.php(67): CodeIgniter\CodeIgniter->run()
 6 SYSTEMPATH\Commands\Server\rewrite.php(47): require_once('C:\\laragon\\www\\github31\\aradan_codeigniter\\public\\index.php')
CRITICAL - 2023-06-21 01:18:35 --> Call to undefined method App\Models\Product::with
in SYSTEMPATH\Model.php on line 842.
 1 APPPATH\Controllers\ProductController.php(33): CodeIgniter\Model->__call('with', [...])
 2 SYSTEMPATH\CodeIgniter.php(934): App\Controllers\ProductController->index()
 3 SYSTEMPATH\CodeIgniter.php(499): CodeIgniter\CodeIgniter->runController(Object(App\Controllers\ProductController))
 4 SYSTEMPATH\CodeIgniter.php(368): CodeIgniter\CodeIgniter->handleRequest(null, Object(Config\Cache), false)
 5 FCPATH\index.php(67): CodeIgniter\CodeIgniter->run()
 6 SYSTEMPATH\Commands\Server\rewrite.php(47): require_once('C:\\laragon\\www\\github31\\aradan_codeigniter\\public\\index.php')
CRITICAL - 2023-06-21 01:19:08 --> Call to undefined method App\Models\Product::with
in SYSTEMPATH\Model.php on line 842.
 1 APPPATH\Controllers\ProductController.php(33): CodeIgniter\Model->__call('with', [...])
 2 SYSTEMPATH\CodeIgniter.php(934): App\Controllers\ProductController->index()
 3 SYSTEMPATH\CodeIgniter.php(499): CodeIgniter\CodeIgniter->runController(Object(App\Controllers\ProductController))
 4 SYSTEMPATH\CodeIgniter.php(368): CodeIgniter\CodeIgniter->handleRequest(null, Object(Config\Cache), false)
 5 FCPATH\index.php(67): CodeIgniter\CodeIgniter->run()
 6 SYSTEMPATH\Commands\Server\rewrite.php(47): require_once('C:\\laragon\\www\\github31\\aradan_codeigniter\\public\\index.php')
CRITICAL - 2023-06-21 01:19:27 --> Call to undefined method App\Models\Product::with
in SYSTEMPATH\Model.php on line 842.
 1 APPPATH\Controllers\ProductController.php(33): CodeIgniter\Model->__call('with', [...])
 2 SYSTEMPATH\CodeIgniter.php(934): App\Controllers\ProductController->index()
 3 SYSTEMPATH\CodeIgniter.php(499): CodeIgniter\CodeIgniter->runController(Object(App\Controllers\ProductController))
 4 SYSTEMPATH\CodeIgniter.php(368): CodeIgniter\CodeIgniter->handleRequest(null, Object(Config\Cache), false)
 5 FCPATH\index.php(67): CodeIgniter\CodeIgniter->run()
 6 SYSTEMPATH\Commands\Server\rewrite.php(47): require_once('C:\\laragon\\www\\github31\\aradan_codeigniter\\public\\index.php')
ERROR - 2023-06-21 01:20:37 --> mysqli_sql_exception: Unknown column 'product_details.price' in 'field list' in C:\laragon\www\github31\aradan_codeigniter\system\Database\MySQLi\Connection.php:295
Stack trace:
#0 C:\laragon\www\github31\aradan_codeigniter\system\Database\MySQLi\Connection.php(295): mysqli->query('SELECT `product...', 0)
#1 C:\laragon\www\github31\aradan_codeigniter\system\Database\BaseConnection.php(692): CodeIgniter\Database\MySQLi\Connection->execute('SELECT `product...')
#2 C:\laragon\www\github31\aradan_codeigniter\system\Database\BaseConnection.php(606): CodeIgniter\Database\BaseConnection->simpleQuery('SELECT `product...')
#3 C:\laragon\www\github31\aradan_codeigniter\system\Database\BaseBuilder.php(1616): CodeIgniter\Database\BaseConnection->query('SELECT `product...', Array, false)
#4 C:\laragon\www\github31\aradan_codeigniter\system\Model.php(241): CodeIgniter\Database\BaseBuilder->get()
#5 C:\laragon\www\github31\aradan_codeigniter\system\BaseModel.php(618): CodeIgniter\Model->doFindAll(0, 0)
#6 C:\laragon\www\github31\aradan_codeigniter\app\Controllers\ProductController.php(35): CodeIgniter\BaseModel->findAll()
#7 C:\laragon\www\github31\aradan_codeigniter\system\CodeIgniter.php(934): App\Controllers\ProductController->index()
#8 C:\laragon\www\github31\aradan_codeigniter\system\CodeIgniter.php(499): CodeIgniter\CodeIgniter->runController(Object(App\Controllers\ProductController))
#9 C:\laragon\www\github31\aradan_codeigniter\system\CodeIgniter.php(368): CodeIgniter\CodeIgniter->handleRequest(NULL, Object(Config\Cache), false)
#10 C:\laragon\www\github31\aradan_codeigniter\public\index.php(67): CodeIgniter\CodeIgniter->run()
#11 C:\laragon\www\github31\aradan_codeigniter\system\Commands\Server\rewrite.php(47): require_once('C:\\laragon\\www\\...')
#12 {main}
CRITICAL - 2023-06-21 01:20:37 --> Unknown column 'product_details.price' in 'field list'
in SYSTEMPATH\Database\MySQLi\Connection.php on line 295.
 1 SYSTEMPATH\Database\MySQLi\Connection.php(295): mysqli->query('SELECT `products`.*, `product_details`.`price`
FROM `products`
JOIN `product_details` ON `products`.`id` = `product_details`.`product_id`', 0)
 2 SYSTEMPATH\Database\BaseConnection.php(692): CodeIgniter\Database\MySQLi\Connection->execute('SELECT `products`.*, `product_details`.`price`
FROM `products`
JOIN `product_details` ON `products`.`id` = `product_details`.`product_id`')
 3 SYSTEMPATH\Database\BaseConnection.php(606): CodeIgniter\Database\BaseConnection->simpleQuery('SELECT `products`.*, `product_details`.`price`
FROM `products`
JOIN `product_details` ON `products`.`id` = `product_details`.`product_id`')
 4 SYSTEMPATH\Database\BaseBuilder.php(1616): CodeIgniter\Database\BaseConnection->query('SELECT `products`.*, `product_details`.`price`
FROM `products`
JOIN `product_details` ON `products`.`id` = `product_details`.`product_id`', [], false)
 5 SYSTEMPATH\Model.php(241): CodeIgniter\Database\BaseBuilder->get()
 6 SYSTEMPATH\BaseModel.php(618): CodeIgniter\Model->doFindAll(0, 0)
 7 APPPATH\Controllers\ProductController.php(35): CodeIgniter\BaseModel->findAll()
 8 SYSTEMPATH\CodeIgniter.php(934): App\Controllers\ProductController->index()
 9 SYSTEMPATH\CodeIgniter.php(499): CodeIgniter\CodeIgniter->runController(Object(App\Controllers\ProductController))
10 SYSTEMPATH\CodeIgniter.php(368): CodeIgniter\CodeIgniter->handleRequest(null, Object(Config\Cache), false)
11 FCPATH\index.php(67): CodeIgniter\CodeIgniter->run()
12 SYSTEMPATH\Commands\Server\rewrite.php(47): require_once('C:\\laragon\\www\\github31\\aradan_codeigniter\\public\\index.php')
INFO - 2023-06-21 01:21:17 --> Session: Class initialized using 'CodeIgniter\Session\Handlers\FileHandler' driver.
CRITICAL - 2023-06-21 01:21:17 --> Undefined variable $product
in APPPATH\Views\product\index.php on line 73.
 1 APPPATH\Views\product\index.php(73): CodeIgniter\Debug\Exceptions->errorHandler(2, 'Undefined variable $product', 'C:\\laragon\\www\\github31\\aradan_codeigniter\\app\\Views\\product\\index.php', 73)
 2 SYSTEMPATH\View\View.php(213): include('C:\\laragon\\www\\github31\\aradan_codeigniter\\app\\Views\\product\\index.php')
 3 SYSTEMPATH\View\View.php(216): CodeIgniter\View\View->CodeIgniter\View\{closure}()
 4 SYSTEMPATH\Common.php(1184): CodeIgniter\View\View->render('product/index', [], true)
 5 APPPATH\Controllers\ProductController.php(37): view('product/index', [...])
 6 SYSTEMPATH\CodeIgniter.php(934): App\Controllers\ProductController->index()
 7 SYSTEMPATH\CodeIgniter.php(499): CodeIgniter\CodeIgniter->runController(Object(App\Controllers\ProductController))
 8 SYSTEMPATH\CodeIgniter.php(368): CodeIgniter\CodeIgniter->handleRequest(null, Object(Config\Cache), false)
 9 FCPATH\index.php(67): CodeIgniter\CodeIgniter->run()
10 SYSTEMPATH\Commands\Server\rewrite.php(47): require_once('C:\\laragon\\www\\github31\\aradan_codeigniter\\public\\index.php')
INFO - 2023-06-21 01:22:06 --> Session: Class initialized using 'CodeIgniter\Session\Handlers\FileHandler' driver.
CRITICAL - 2023-06-21 01:22:06 --> Undefined array key "productDetails"
in APPPATH\Views\product\index.php on line 86.
 1 APPPATH\Views\product\index.php(86): CodeIgniter\Debug\Exceptions->errorHandler(2, 'Undefined array key "productDetails"', 'C:\\laragon\\www\\github31\\aradan_codeigniter\\app\\Views\\product\\index.php', 86)
 2 SYSTEMPATH\View\View.php(213): include('C:\\laragon\\www\\github31\\aradan_codeigniter\\app\\Views\\product\\index.php')
 3 SYSTEMPATH\View\View.php(216): CodeIgniter\View\View->CodeIgniter\View\{closure}()
 4 SYSTEMPATH\Common.php(1184): CodeIgniter\View\View->render('product/index', [], true)
 5 APPPATH\Controllers\ProductController.php(37): view('product/index', [...])
 6 SYSTEMPATH\CodeIgniter.php(934): App\Controllers\ProductController->index()
 7 SYSTEMPATH\CodeIgniter.php(499): CodeIgniter\CodeIgniter->runController(Object(App\Controllers\ProductController))
 8 SYSTEMPATH\CodeIgniter.php(368): CodeIgniter\CodeIgniter->handleRequest(null, Object(Config\Cache), false)
 9 FCPATH\index.php(67): CodeIgniter\CodeIgniter->run()
10 SYSTEMPATH\Commands\Server\rewrite.php(47): require_once('C:\\laragon\\www\\github31\\aradan_codeigniter\\public\\index.php')
INFO - 2023-06-21 01:22:58 --> Session: Class initialized using 'CodeIgniter\Session\Handlers\FileHandler' driver.
CRITICAL - 2023-06-21 01:22:58 --> Undefined variable $product
in APPPATH\Views\product\index.php on line 86.
 1 APPPATH\Views\product\index.php(86): CodeIgniter\Debug\Exceptions->errorHandler(2, 'Undefined variable $product', 'C:\\laragon\\www\\github31\\aradan_codeigniter\\app\\Views\\product\\index.php', 86)
 2 SYSTEMPATH\View\View.php(213): include('C:\\laragon\\www\\github31\\aradan_codeigniter\\app\\Views\\product\\index.php')
 3 SYSTEMPATH\View\View.php(216): CodeIgniter\View\View->CodeIgniter\View\{closure}()
 4 SYSTEMPATH\Common.php(1184): CodeIgniter\View\View->render('product/index', [], true)
 5 APPPATH\Controllers\ProductController.php(37): view('product/index', [...])
 6 SYSTEMPATH\CodeIgniter.php(934): App\Controllers\ProductController->index()
 7 SYSTEMPATH\CodeIgniter.php(499): CodeIgniter\CodeIgniter->runController(Object(App\Controllers\ProductController))
 8 SYSTEMPATH\CodeIgniter.php(368): CodeIgniter\CodeIgniter->handleRequest(null, Object(Config\Cache), false)
 9 FCPATH\index.php(67): CodeIgniter\CodeIgniter->run()
10 SYSTEMPATH\Commands\Server\rewrite.php(47): require_once('C:\\laragon\\www\\github31\\aradan_codeigniter\\public\\index.php')
INFO - 2023-06-21 01:23:14 --> Session: Class initialized using 'CodeIgniter\Session\Handlers\FileHandler' driver.
INFO - 2023-06-21 01:24:20 --> Session: Class initialized using 'CodeIgniter\Session\Handlers\FileHandler' driver.
INFO - 2023-06-21 01:29:26 --> Session: Class initialized using 'CodeIgniter\Session\Handlers\FileHandler' driver.
CRITICAL - 2023-06-21 01:29:26 --> Undefined array key "sold"
in APPPATH\Views\product\index.php on line 85.
 1 APPPATH\Views\product\index.php(85): CodeIgniter\Debug\Exceptions->errorHandler(2, 'Undefined array key "sold"', 'C:\\laragon\\www\\github31\\aradan_codeigniter\\app\\Views\\product\\index.php', 85)
 2 SYSTEMPATH\View\View.php(213): include('C:\\laragon\\www\\github31\\aradan_codeigniter\\app\\Views\\product\\index.php')
 3 SYSTEMPATH\View\View.php(216): CodeIgniter\View\View->CodeIgniter\View\{closure}()
 4 SYSTEMPATH\Common.php(1184): CodeIgniter\View\View->render('product/index', [], true)
 5 APPPATH\Controllers\ProductController.php(37): view('product/index', [...])
 6 SYSTEMPATH\CodeIgniter.php(934): App\Controllers\ProductController->index()
 7 SYSTEMPATH\CodeIgniter.php(499): CodeIgniter\CodeIgniter->runController(Object(App\Controllers\ProductController))
 8 SYSTEMPATH\CodeIgniter.php(368): CodeIgniter\CodeIgniter->handleRequest(null, Object(Config\Cache), false)
 9 FCPATH\index.php(67): CodeIgniter\CodeIgniter->run()
10 SYSTEMPATH\Commands\Server\rewrite.php(47): require_once('C:\\laragon\\www\\github31\\aradan_codeigniter\\public\\index.php')
INFO - 2023-06-21 01:30:05 --> Session: Class initialized using 'CodeIgniter\Session\Handlers\FileHandler' driver.
CRITICAL - 2023-06-21 01:30:05 --> Undefined array key "sold"
in APPPATH\Views\product\index.php on line 85.
 1 APPPATH\Views\product\index.php(85): CodeIgniter\Debug\Exceptions->errorHandler(2, 'Undefined array key "sold"', 'C:\\laragon\\www\\github31\\aradan_codeigniter\\app\\Views\\product\\index.php', 85)
 2 SYSTEMPATH\View\View.php(213): include('C:\\laragon\\www\\github31\\aradan_codeigniter\\app\\Views\\product\\index.php')
 3 SYSTEMPATH\View\View.php(216): CodeIgniter\View\View->CodeIgniter\View\{closure}()
 4 SYSTEMPATH\Common.php(1184): CodeIgniter\View\View->render('product/index', [], true)
 5 APPPATH\Controllers\ProductController.php(37): view('product/index', [...])
 6 SYSTEMPATH\CodeIgniter.php(934): App\Controllers\ProductController->index()
 7 SYSTEMPATH\CodeIgniter.php(499): CodeIgniter\CodeIgniter->runController(Object(App\Controllers\ProductController))
 8 SYSTEMPATH\CodeIgniter.php(368): CodeIgniter\CodeIgniter->handleRequest(null, Object(Config\Cache), false)
 9 FCPATH\index.php(67): CodeIgniter\CodeIgniter->run()
10 SYSTEMPATH\Commands\Server\rewrite.php(47): require_once('C:\\laragon\\www\\github31\\aradan_codeigniter\\public\\index.php')
INFO - 2023-06-21 01:31:16 --> Session: Class initialized using 'CodeIgniter\Session\Handlers\FileHandler' driver.
INFO - 2023-06-21 01:31:40 --> Session: Class initialized using 'CodeIgniter\Session\Handlers\FileHandler' driver.
INFO - 2023-06-21 02:42:19 --> Session: Class initialized using 'CodeIgniter\Session\Handlers\FileHandler' driver.
INFO - 2023-06-21 02:44:05 --> Session: Class initialized using 'CodeIgniter\Session\Handlers\FileHandler' driver.
INFO - 2023-06-21 02:44:05 --> Session: Class initialized using 'CodeIgniter\Session\Handlers\FileHandler' driver.
INFO - 2023-06-21 02:46:20 --> Session: Class initialized using 'CodeIgniter\Session\Handlers\FileHandler' driver.
INFO - 2023-06-21 02:46:27 --> Session: Class initialized using 'CodeIgniter\Session\Handlers\FileHandler' driver.
INFO - 2023-06-21 02:46:28 --> Session: Class initialized using 'CodeIgniter\Session\Handlers\FileHandler' driver.
INFO - 2023-06-21 02:46:37 --> Session: Class initialized using 'CodeIgniter\Session\Handlers\FileHandler' driver.
INFO - 2023-06-21 02:46:39 --> Session: Class initialized using 'CodeIgniter\Session\Handlers\FileHandler' driver.
INFO - 2023-06-21 02:50:19 --> Session: Class initialized using 'CodeIgniter\Session\Handlers\FileHandler' driver.
CRITICAL - 2023-06-21 02:50:19 --> Undefined variable $user
in APPPATH\Views\product\index.php on line 43.
 1 APPPATH\Views\product\index.php(43): CodeIgniter\Debug\Exceptions->errorHandler(2, 'Undefined variable $user', 'C:\\laragon\\www\\github31\\aradan_codeigniter\\app\\Views\\product\\index.php', 43)
 2 SYSTEMPATH\View\View.php(213): include('C:\\laragon\\www\\github31\\aradan_codeigniter\\app\\Views\\product\\index.php')
 3 SYSTEMPATH\View\View.php(216): CodeIgniter\View\View->CodeIgniter\View\{closure}()
 4 SYSTEMPATH\Common.php(1184): CodeIgniter\View\View->render('product/index', [], true)
 5 APPPATH\Controllers\ProductController.php(37): view('product/index', [...])
 6 SYSTEMPATH\CodeIgniter.php(934): App\Controllers\ProductController->index()
 7 SYSTEMPATH\CodeIgniter.php(499): CodeIgniter\CodeIgniter->runController(Object(App\Controllers\ProductController))
 8 SYSTEMPATH\CodeIgniter.php(368): CodeIgniter\CodeIgniter->handleRequest(null, Object(Config\Cache), false)
 9 FCPATH\index.php(67): CodeIgniter\CodeIgniter->run()
10 SYSTEMPATH\Commands\Server\rewrite.php(47): require_once('C:\\laragon\\www\\github31\\aradan_codeigniter\\public\\index.php')
INFO - 2023-06-21 02:54:39 --> Session: Class initialized using 'CodeIgniter\Session\Handlers\FileHandler' driver.
INFO - 2023-06-21 02:55:25 --> Session: Class initialized using 'CodeIgniter\Session\Handlers\FileHandler' driver.
INFO - 2023-06-21 02:56:06 --> Session: Class initialized using 'CodeIgniter\Session\Handlers\FileHandler' driver.
INFO - 2023-06-21 02:56:25 --> Session: Class initialized using 'CodeIgniter\Session\Handlers\FileHandler' driver.
INFO - 2023-06-21 02:56:54 --> Session: Class initialized using 'CodeIgniter\Session\Handlers\FileHandler' driver.
INFO - 2023-06-21 02:57:04 --> Session: Class initialized using 'CodeIgniter\Session\Handlers\FileHandler' driver.
INFO - 2023-06-21 02:57:11 --> Session: Class initialized using 'CodeIgniter\Session\Handlers\FileHandler' driver.
INFO - 2023-06-21 02:57:12 --> Session: Class initialized using 'CodeIgniter\Session\Handlers\FileHandler' driver.
INFO - 2023-06-21 02:57:58 --> Session: Class initialized using 'CodeIgniter\Session\Handlers\FileHandler' driver.
INFO - 2023-06-21 02:58:00 --> Session: Class initialized using 'CodeIgniter\Session\Handlers\FileHandler' driver.
INFO - 2023-06-21 02:58:18 --> Session: Class initialized using 'CodeIgniter\Session\Handlers\FileHandler' driver.
INFO - 2023-06-21 02:58:43 --> Session: Class initialized using 'CodeIgniter\Session\Handlers\FileHandler' driver.
INFO - 2023-06-21 02:59:53 --> Session: Class initialized using 'CodeIgniter\Session\Handlers\FileHandler' driver.
INFO - 2023-06-21 02:59:53 --> Session: Class initialized using 'CodeIgniter\Session\Handlers\FileHandler' driver.
INFO - 2023-06-21 03:00:15 --> Session: Class initialized using 'CodeIgniter\Session\Handlers\FileHandler' driver.
INFO - 2023-06-21 03:00:16 --> Session: Class initialized using 'CodeIgniter\Session\Handlers\FileHandler' driver.
INFO - 2023-06-21 03:00:26 --> Session: Class initialized using 'CodeIgniter\Session\Handlers\FileHandler' driver.
INFO - 2023-06-21 03:00:48 --> Session: Class initialized using 'CodeIgniter\Session\Handlers\FileHandler' driver.
INFO - 2023-06-21 03:01:30 --> Session: Class initialized using 'CodeIgniter\Session\Handlers\FileHandler' driver.
INFO - 2023-06-21 03:01:55 --> Session: Class initialized using 'CodeIgniter\Session\Handlers\FileHandler' driver.
INFO - 2023-06-21 03:02:37 --> Session: Class initialized using 'CodeIgniter\Session\Handlers\FileHandler' driver.
INFO - 2023-06-21 03:03:20 --> Session: Class initialized using 'CodeIgniter\Session\Handlers\FileHandler' driver.
INFO - 2023-06-21 03:03:38 --> Session: Class initialized using 'CodeIgniter\Session\Handlers\FileHandler' driver.
INFO - 2023-06-21 03:03:51 --> Session: Class initialized using 'CodeIgniter\Session\Handlers\FileHandler' driver.
INFO - 2023-06-21 03:04:00 --> Session: Class initialized using 'CodeIgniter\Session\Handlers\FileHandler' driver.
INFO - 2023-06-21 03:04:01 --> Session: Class initialized using 'CodeIgniter\Session\Handlers\FileHandler' driver.
INFO - 2023-06-21 03:04:15 --> Session: Class initialized using 'CodeIgniter\Session\Handlers\FileHandler' driver.
INFO - 2023-06-21 03:04:16 --> Session: Class initialized using 'CodeIgniter\Session\Handlers\FileHandler' driver.
INFO - 2023-06-21 03:04:30 --> Session: Class initialized using 'CodeIgniter\Session\Handlers\FileHandler' driver.
INFO - 2023-06-21 03:05:34 --> Session: Class initialized using 'CodeIgniter\Session\Handlers\FileHandler' driver.
INFO - 2023-06-21 03:05:48 --> Session: Class initialized using 'CodeIgniter\Session\Handlers\FileHandler' driver.
INFO - 2023-06-21 03:06:27 --> Session: Class initialized using 'CodeIgniter\Session\Handlers\FileHandler' driver.
INFO - 2023-06-21 03:06:33 --> Session: Class initialized using 'CodeIgniter\Session\Handlers\FileHandler' driver.
INFO - 2023-06-21 03:06:59 --> Session: Class initialized using 'CodeIgniter\Session\Handlers\FileHandler' driver.
INFO - 2023-06-21 03:07:07 --> Session: Class initialized using 'CodeIgniter\Session\Handlers\FileHandler' driver.
INFO - 2023-06-21 03:07:57 --> Session: Class initialized using 'CodeIgniter\Session\Handlers\FileHandler' driver.
INFO - 2023-06-21 03:09:52 --> Session: Class initialized using 'CodeIgniter\Session\Handlers\FileHandler' driver.
INFO - 2023-06-21 03:11:17 --> Session: Class initialized using 'CodeIgniter\Session\Handlers\FileHandler' driver.
INFO - 2023-06-21 03:15:47 --> Session: Class initialized using 'CodeIgniter\Session\Handlers\FileHandler' driver.
CRITICAL - 2023-06-21 03:15:47 --> Class "App\Models\UserModel" not found
in APPPATH\Controllers\AdminController.php on line 12.
 1 SYSTEMPATH\CodeIgniter.php(906): App\Controllers\AdminController->__construct()
 2 SYSTEMPATH\CodeIgniter.php(490): CodeIgniter\CodeIgniter->createController()
 3 SYSTEMPATH\CodeIgniter.php(368): CodeIgniter\CodeIgniter->handleRequest(null, Object(Config\Cache), false)
 4 FCPATH\index.php(67): CodeIgniter\CodeIgniter->run()
 5 SYSTEMPATH\Commands\Server\rewrite.php(47): require_once('C:\\laragon\\www\\github31\\aradan_codeigniter\\public\\index.php')
INFO - 2023-06-21 03:16:25 --> Session: Class initialized using 'CodeIgniter\Session\Handlers\FileHandler' driver.
INFO - 2023-06-21 03:17:01 --> Session: Class initialized using 'CodeIgniter\Session\Handlers\FileHandler' driver.
CRITICAL - 2023-06-21 03:17:01 --> Attempt to read property "status" on array
in APPPATH\Controllers\AdminController.php on line 16.
 1 APPPATH\Controllers\AdminController.php(16): CodeIgniter\Debug\Exceptions->errorHandler(2, 'Attempt to read property "status" on array', 'C:\\laragon\\www\\github31\\aradan_codeigniter\\app\\Controllers\\AdminController.php', 16)
 2 SYSTEMPATH\CodeIgniter.php(906): App\Controllers\AdminController->__construct()
 3 SYSTEMPATH\CodeIgniter.php(490): CodeIgniter\CodeIgniter->createController()
 4 SYSTEMPATH\CodeIgniter.php(368): CodeIgniter\CodeIgniter->handleRequest(null, Object(Config\Cache), false)
 5 FCPATH\index.php(67): CodeIgniter\CodeIgniter->run()
 6 SYSTEMPATH\Commands\Server\rewrite.php(47): require_once('C:\\laragon\\www\\github31\\aradan_codeigniter\\public\\index.php')
INFO - 2023-06-21 03:18:24 --> Session: Class initialized using 'CodeIgniter\Session\Handlers\FileHandler' driver.
CRITICAL - 2023-06-21 03:18:24 --> Attempt to read property "email" on array
in APPPATH\Controllers\AdminController.php on line 16.
 1 APPPATH\Controllers\AdminController.php(16): CodeIgniter\Debug\Exceptions->errorHandler(2, 'Attempt to read property "email" on array', 'C:\\laragon\\www\\github31\\aradan_codeigniter\\app\\Controllers\\AdminController.php', 16)
 2 SYSTEMPATH\CodeIgniter.php(906): App\Controllers\AdminController->__construct()
 3 SYSTEMPATH\CodeIgniter.php(490): CodeIgniter\CodeIgniter->createController()
 4 SYSTEMPATH\CodeIgniter.php(368): CodeIgniter\CodeIgniter->handleRequest(null, Object(Config\Cache), false)
 5 FCPATH\index.php(67): CodeIgniter\CodeIgniter->run()
 6 SYSTEMPATH\Commands\Server\rewrite.php(47): require_once('C:\\laragon\\www\\github31\\aradan_codeigniter\\public\\index.php')
INFO - 2023-06-21 03:19:27 --> Session: Class initialized using 'CodeIgniter\Session\Handlers\FileHandler' driver.
INFO - 2023-06-21 03:19:52 --> Session: Class initialized using 'CodeIgniter\Session\Handlers\FileHandler' driver.
CRITICAL - 2023-06-21 03:19:55 --> Attempt to read property "email" on array
in APPPATH\Controllers\AdminController.php on line 16.
 1 APPPATH\Controllers\AdminController.php(16): CodeIgniter\Debug\Exceptions->errorHandler(2, 'Attempt to read property "email" on array', 'C:\\laragon\\www\\github31\\aradan_codeigniter\\app\\Controllers\\AdminController.php', 16)
 2 SYSTEMPATH\CodeIgniter.php(906): App\Controllers\AdminController->__construct()
 3 SYSTEMPATH\CodeIgniter.php(490): CodeIgniter\CodeIgniter->createController()
 4 SYSTEMPATH\CodeIgniter.php(368): CodeIgniter\CodeIgniter->handleRequest(null, Object(Config\Cache), false)
 5 FCPATH\index.php(67): CodeIgniter\CodeIgniter->run()
 6 SYSTEMPATH\Commands\Server\rewrite.php(47): require_once('C:\\laragon\\www\\github31\\aradan_codeigniter\\public\\index.php')
INFO - 2023-06-21 03:21:32 --> Session: Class initialized using 'CodeIgniter\Session\Handlers\FileHandler' driver.
INFO - 2023-06-21 03:21:50 --> Session: Class initialized using 'CodeIgniter\Session\Handlers\FileHandler' driver.
INFO - 2023-06-21 03:23:41 --> Session: Class initialized using 'CodeIgniter\Session\Handlers\FileHandler' driver.
CRITICAL - 2023-06-21 03:23:41 --> Attempt to read property "email" on array
in APPPATH\Controllers\AdminController.php on line 16.
 1 APPPATH\Controllers\AdminController.php(16): CodeIgniter\Debug\Exceptions->errorHandler(2, 'Attempt to read property "email" on array', 'C:\\laragon\\www\\github31\\aradan_codeigniter\\app\\Controllers\\AdminController.php', 16)
 2 SYSTEMPATH\CodeIgniter.php(906): App\Controllers\AdminController->__construct()
 3 SYSTEMPATH\CodeIgniter.php(490): CodeIgniter\CodeIgniter->createController()
 4 SYSTEMPATH\CodeIgniter.php(368): CodeIgniter\CodeIgniter->handleRequest(null, Object(Config\Cache), false)
 5 FCPATH\index.php(67): CodeIgniter\CodeIgniter->run()
 6 SYSTEMPATH\Commands\Server\rewrite.php(47): require_once('C:\\laragon\\www\\github31\\aradan_codeigniter\\public\\index.php')
INFO - 2023-06-21 03:24:49 --> Session: Class initialized using 'CodeIgniter\Session\Handlers\FileHandler' driver.
INFO - 2023-06-21 03:25:28 --> Session: Class initialized using 'CodeIgniter\Session\Handlers\FileHandler' driver.
INFO - 2023-06-21 03:27:34 --> Session: Class initialized using 'CodeIgniter\Session\Handlers\FileHandler' driver.
CRITICAL - 2023-06-21 03:27:35 --> view(): Argument #2 ($data) must be of type array, null given, called in C:\laragon\www\github31\aradan_codeigniter\app\Controllers\AdminController.php on line 29
in SYSTEMPATH\Common.php on line 1172.
 1 APPPATH\Controllers\AdminController.php(29): view('admin/dashboard', null)
 2 SYSTEMPATH\CodeIgniter.php(934): App\Controllers\AdminController->index()
 3 SYSTEMPATH\CodeIgniter.php(499): CodeIgniter\CodeIgniter->runController(Object(App\Controllers\AdminController))
 4 SYSTEMPATH\CodeIgniter.php(368): CodeIgniter\CodeIgniter->handleRequest(null, Object(Config\Cache), false)
 5 FCPATH\index.php(67): CodeIgniter\CodeIgniter->run()
 6 SYSTEMPATH\Commands\Server\rewrite.php(47): require_once('C:\\laragon\\www\\github31\\aradan_codeigniter\\public\\index.php')
INFO - 2023-06-21 03:28:05 --> Session: Class initialized using 'CodeIgniter\Session\Handlers\FileHandler' driver.
CRITICAL - 2023-06-21 03:28:05 --> view(): Argument #2 ($data) must be of type array, null given, called in C:\laragon\www\github31\aradan_codeigniter\app\Controllers\AdminController.php on line 29
in SYSTEMPATH\Common.php on line 1172.
 1 APPPATH\Controllers\AdminController.php(29): view('admin/dashboard', null)
 2 SYSTEMPATH\CodeIgniter.php(934): App\Controllers\AdminController->index()
 3 SYSTEMPATH\CodeIgniter.php(499): CodeIgniter\CodeIgniter->runController(Object(App\Controllers\AdminController))
 4 SYSTEMPATH\CodeIgniter.php(368): CodeIgniter\CodeIgniter->handleRequest(null, Object(Config\Cache), false)
 5 FCPATH\index.php(67): CodeIgniter\CodeIgniter->run()
 6 SYSTEMPATH\Commands\Server\rewrite.php(47): require_once('C:\\laragon\\www\\github31\\aradan_codeigniter\\public\\index.php')
INFO - 2023-06-21 03:29:05 --> Session: Class initialized using 'CodeIgniter\Session\Handlers\FileHandler' driver.
INFO - 2023-06-21 03:29:27 --> Session: Class initialized using 'CodeIgniter\Session\Handlers\FileHandler' driver.
INFO - 2023-06-21 03:33:26 --> Session: Class initialized using 'CodeIgniter\Session\Handlers\FileHandler' driver.
CRITICAL - 2023-06-21 03:33:26 --> Undefined variable $session
in APPPATH\Controllers\AdminController.php on line 29.
 1 APPPATH\Controllers\AdminController.php(29): CodeIgniter\Debug\Exceptions->errorHandler(2, 'Undefined variable $session', 'C:\\laragon\\www\\github31\\aradan_codeigniter\\app\\Controllers\\AdminController.php', 29)
 2 SYSTEMPATH\CodeIgniter.php(934): App\Controllers\AdminController->index()
 3 SYSTEMPATH\CodeIgniter.php(499): CodeIgniter\CodeIgniter->runController(Object(App\Controllers\AdminController))
 4 SYSTEMPATH\CodeIgniter.php(368): CodeIgniter\CodeIgniter->handleRequest(null, Object(Config\Cache), false)
 5 FCPATH\index.php(67): CodeIgniter\CodeIgniter->run()
 6 SYSTEMPATH\Commands\Server\rewrite.php(47): require_once('C:\\laragon\\www\\github31\\aradan_codeigniter\\public\\index.php')
INFO - 2023-06-21 03:33:50 --> Session: Class initialized using 'CodeIgniter\Session\Handlers\FileHandler' driver.
CRITICAL - 2023-06-21 03:33:52 --> Undefined variable $data
in APPPATH\Controllers\AdminController.php on line 32.
 1 APPPATH\Controllers\AdminController.php(32): CodeIgniter\Debug\Exceptions->errorHandler(2, 'Undefined variable $data', 'C:\\laragon\\www\\github31\\aradan_codeigniter\\app\\Controllers\\AdminController.php', 32)
 2 SYSTEMPATH\CodeIgniter.php(934): App\Controllers\AdminController->index()
 3 SYSTEMPATH\CodeIgniter.php(499): CodeIgniter\CodeIgniter->runController(Object(App\Controllers\AdminController))
 4 SYSTEMPATH\CodeIgniter.php(368): CodeIgniter\CodeIgniter->handleRequest(null, Object(Config\Cache), false)
 5 FCPATH\index.php(67): CodeIgniter\CodeIgniter->run()
 6 SYSTEMPATH\Commands\Server\rewrite.php(47): require_once('C:\\laragon\\www\\github31\\aradan_codeigniter\\public\\index.php')
INFO - 2023-06-21 03:34:04 --> Session: Class initialized using 'CodeIgniter\Session\Handlers\FileHandler' driver.
CRITICAL - 2023-06-21 03:34:04 --> Undefined variable $status
in APPPATH\Views\admin\dashboard.php on line 35.
 1 APPPATH\Views\admin\dashboard.php(35): CodeIgniter\Debug\Exceptions->errorHandler(2, 'Undefined variable $status', 'C:\\laragon\\www\\github31\\aradan_codeigniter\\app\\Views\\admin\\dashboard.php', 35)
 2 SYSTEMPATH\View\View.php(213): include('C:\\laragon\\www\\github31\\aradan_codeigniter\\app\\Views\\admin\\dashboard.php')
 3 SYSTEMPATH\View\View.php(216): CodeIgniter\View\View->CodeIgniter\View\{closure}()
 4 SYSTEMPATH\Common.php(1184): CodeIgniter\View\View->render('admin/dashboard', [], true)
 5 APPPATH\Controllers\AdminController.php(32): view('admin/dashboard')
 6 SYSTEMPATH\CodeIgniter.php(934): App\Controllers\AdminController->index()
 7 SYSTEMPATH\CodeIgniter.php(499): CodeIgniter\CodeIgniter->runController(Object(App\Controllers\AdminController))
 8 SYSTEMPATH\CodeIgniter.php(368): CodeIgniter\CodeIgniter->handleRequest(null, Object(Config\Cache), false)
 9 FCPATH\index.php(67): CodeIgniter\CodeIgniter->run()
10 SYSTEMPATH\Commands\Server\rewrite.php(47): require_once('C:\\laragon\\www\\github31\\aradan_codeigniter\\public\\index.php')
INFO - 2023-06-21 03:34:19 --> Session: Class initialized using 'CodeIgniter\Session\Handlers\FileHandler' driver.
INFO - 2023-06-21 03:35:03 --> Session: Class initialized using 'CodeIgniter\Session\Handlers\FileHandler' driver.
CRITICAL - 2023-06-21 03:35:03 --> syntax error, unexpected token "if"
in APPPATH\Controllers\AdminController.php on line 20.
 1 SYSTEMPATH\Autoloader\Autoloader.php(289): CodeIgniter\Autoloader\Autoloader->includeFile('C:\\laragon\\www\\github31\\aradan_codeigniter\\app\\Controllers\\AdminController.php')
 2 SYSTEMPATH\Autoloader\Autoloader.php(267): CodeIgniter\Autoloader\Autoloader->loadInNamespace('App\\Controllers\\AdminController')
 3 [internal function]: CodeIgniter\Autoloader\Autoloader->loadClass('App\\Controllers\\AdminController')
 4 SYSTEMPATH\CodeIgniter.php(892): class_exists('\\App\\Controllers\\AdminController', true)
 5 SYSTEMPATH\CodeIgniter.php(486): CodeIgniter\CodeIgniter->startController()
 6 SYSTEMPATH\CodeIgniter.php(368): CodeIgniter\CodeIgniter->handleRequest(null, Object(Config\Cache), false)
 7 FCPATH\index.php(67): CodeIgniter\CodeIgniter->run()
 8 SYSTEMPATH\Commands\Server\rewrite.php(47): require_once('C:\\laragon\\www\\github31\\aradan_codeigniter\\public\\index.php')
INFO - 2023-06-21 03:35:05 --> Session: Class initialized using 'CodeIgniter\Session\Handlers\FileHandler' driver.
INFO - 2023-06-21 03:35:33 --> Session: Class initialized using 'CodeIgniter\Session\Handlers\FileHandler' driver.
INFO - 2023-06-21 03:36:13 --> Session: Class initialized using 'CodeIgniter\Session\Handlers\FileHandler' driver.
CRITICAL - 2023-06-21 03:36:14 --> view(): Argument #2 ($data) must be of type array, string given, called in C:\laragon\www\github31\aradan_codeigniter\app\Controllers\AdminController.php on line 32
in SYSTEMPATH\Common.php on line 1172.
 1 APPPATH\Controllers\AdminController.php(32): view('admin/dashboard', 'aslanadmin@gmail.com')
 2 SYSTEMPATH\CodeIgniter.php(934): App\Controllers\AdminController->index()
 3 SYSTEMPATH\CodeIgniter.php(499): CodeIgniter\CodeIgniter->runController(Object(App\Controllers\AdminController))
 4 SYSTEMPATH\CodeIgniter.php(368): CodeIgniter\CodeIgniter->handleRequest(null, Object(Config\Cache), false)
 5 FCPATH\index.php(67): CodeIgniter\CodeIgniter->run()
 6 SYSTEMPATH\Commands\Server\rewrite.php(47): require_once('C:\\laragon\\www\\github31\\aradan_codeigniter\\public\\index.php')
INFO - 2023-06-21 03:37:11 --> Session: Class initialized using 'CodeIgniter\Session\Handlers\FileHandler' driver.
CRITICAL - 2023-06-21 03:37:12 --> Undefined variable $email
in APPPATH\Views\admin\dashboard.php on line 33.
 1 APPPATH\Views\admin\dashboard.php(33): CodeIgniter\Debug\Exceptions->errorHandler(2, 'Undefined variable $email', 'C:\\laragon\\www\\github31\\aradan_codeigniter\\app\\Views\\admin\\dashboard.php', 33)
 2 SYSTEMPATH\View\View.php(213): include('C:\\laragon\\www\\github31\\aradan_codeigniter\\app\\Views\\admin\\dashboard.php')
 3 SYSTEMPATH\View\View.php(216): CodeIgniter\View\View->CodeIgniter\View\{closure}()
 4 SYSTEMPATH\Common.php(1184): CodeIgniter\View\View->render('admin/dashboard', [], true)
 5 APPPATH\Controllers\AdminController.php(33): view('admin/dashboard', [...])
 6 SYSTEMPATH\CodeIgniter.php(934): App\Controllers\AdminController->index()
 7 SYSTEMPATH\CodeIgniter.php(499): CodeIgniter\CodeIgniter->runController(Object(App\Controllers\AdminController))
 8 SYSTEMPATH\CodeIgniter.php(368): CodeIgniter\CodeIgniter->handleRequest(null, Object(Config\Cache), false)
 9 FCPATH\index.php(67): CodeIgniter\CodeIgniter->run()
10 SYSTEMPATH\Commands\Server\rewrite.php(47): require_once('C:\\laragon\\www\\github31\\aradan_codeigniter\\public\\index.php')
INFO - 2023-06-21 03:37:18 --> Session: Class initialized using 'CodeIgniter\Session\Handlers\FileHandler' driver.
CRITICAL - 2023-06-21 03:37:18 --> Undefined variable $data
in APPPATH\Views\admin\dashboard.php on line 33.
 1 APPPATH\Views\admin\dashboard.php(33): CodeIgniter\Debug\Exceptions->errorHandler(2, 'Undefined variable $data', 'C:\\laragon\\www\\github31\\aradan_codeigniter\\app\\Views\\admin\\dashboard.php', 33)
 2 SYSTEMPATH\View\View.php(213): include('C:\\laragon\\www\\github31\\aradan_codeigniter\\app\\Views\\admin\\dashboard.php')
 3 SYSTEMPATH\View\View.php(216): CodeIgniter\View\View->CodeIgniter\View\{closure}()
 4 SYSTEMPATH\Common.php(1184): CodeIgniter\View\View->render('admin/dashboard', [], true)
 5 APPPATH\Controllers\AdminController.php(33): view('admin/dashboard', [...])
 6 SYSTEMPATH\CodeIgniter.php(934): App\Controllers\AdminController->index()
 7 SYSTEMPATH\CodeIgniter.php(499): CodeIgniter\CodeIgniter->runController(Object(App\Controllers\AdminController))
 8 SYSTEMPATH\CodeIgniter.php(368): CodeIgniter\CodeIgniter->handleRequest(null, Object(Config\Cache), false)
 9 FCPATH\index.php(67): CodeIgniter\CodeIgniter->run()
10 SYSTEMPATH\Commands\Server\rewrite.php(47): require_once('C:\\laragon\\www\\github31\\aradan_codeigniter\\public\\index.php')
INFO - 2023-06-21 03:38:46 --> Session: Class initialized using 'CodeIgniter\Session\Handlers\FileHandler' driver.
CRITICAL - 2023-06-21 03:38:49 --> Undefined variable $data
in APPPATH\Views\admin\dashboard.php on line 33.
 1 APPPATH\Views\admin\dashboard.php(33): CodeIgniter\Debug\Exceptions->errorHandler(2, 'Undefined variable $data', 'C:\\laragon\\www\\github31\\aradan_codeigniter\\app\\Views\\admin\\dashboard.php', 33)
 2 SYSTEMPATH\View\View.php(213): include('C:\\laragon\\www\\github31\\aradan_codeigniter\\app\\Views\\admin\\dashboard.php')
 3 SYSTEMPATH\View\View.php(216): CodeIgniter\View\View->CodeIgniter\View\{closure}()
 4 SYSTEMPATH\Common.php(1184): CodeIgniter\View\View->render('admin/dashboard', [], true)
 5 APPPATH\Controllers\AdminController.php(33): view('admin/dashboard', [...])
 6 SYSTEMPATH\CodeIgniter.php(934): App\Controllers\AdminController->index()
 7 SYSTEMPATH\CodeIgniter.php(499): CodeIgniter\CodeIgniter->runController(Object(App\Controllers\AdminController))
 8 SYSTEMPATH\CodeIgniter.php(368): CodeIgniter\CodeIgniter->handleRequest(null, Object(Config\Cache), false)
 9 FCPATH\index.php(67): CodeIgniter\CodeIgniter->run()
10 SYSTEMPATH\Commands\Server\rewrite.php(47): require_once('C:\\laragon\\www\\github31\\aradan_codeigniter\\public\\index.php')
INFO - 2023-06-21 03:39:02 --> Session: Class initialized using 'CodeIgniter\Session\Handlers\FileHandler' driver.
CRITICAL - 2023-06-21 03:39:02 --> foreach() argument must be of type array|object, string given
in APPPATH\Views\admin\dashboard.php on line 36.
 1 APPPATH\Views\admin\dashboard.php(36): CodeIgniter\Debug\Exceptions->errorHandler(2, 'foreach() argument must be of type array|object, string given', 'C:\\laragon\\www\\github31\\aradan_codeigniter\\app\\Views\\admin\\dashboard.php', 36)
 2 SYSTEMPATH\View\View.php(213): include('C:\\laragon\\www\\github31\\aradan_codeigniter\\app\\Views\\admin\\dashboard.php')
 3 SYSTEMPATH\View\View.php(216): CodeIgniter\View\View->CodeIgniter\View\{closure}()
 4 SYSTEMPATH\Common.php(1184): CodeIgniter\View\View->render('admin/dashboard', [], true)
 5 APPPATH\Controllers\AdminController.php(33): view('admin/dashboard', [...])
 6 SYSTEMPATH\CodeIgniter.php(934): App\Controllers\AdminController->index()
 7 SYSTEMPATH\CodeIgniter.php(499): CodeIgniter\CodeIgniter->runController(Object(App\Controllers\AdminController))
 8 SYSTEMPATH\CodeIgniter.php(368): CodeIgniter\CodeIgniter->handleRequest(null, Object(Config\Cache), false)
 9 FCPATH\index.php(67): CodeIgniter\CodeIgniter->run()
10 SYSTEMPATH\Commands\Server\rewrite.php(47): require_once('C:\\laragon\\www\\github31\\aradan_codeigniter\\public\\index.php')
INFO - 2023-06-21 03:39:46 --> Session: Class initialized using 'CodeIgniter\Session\Handlers\FileHandler' driver.
INFO - 2023-06-21 03:40:11 --> Session: Class initialized using 'CodeIgniter\Session\Handlers\FileHandler' driver.
CRITICAL - 2023-06-21 03:40:12 --> Undefined constant "name"
in APPPATH\Views\admin\dashboard.php on line 37.
 1 SYSTEMPATH\View\View.php(213): include()
 2 SYSTEMPATH\View\View.php(216): CodeIgniter\View\View->CodeIgniter\View\{closure}()
 3 SYSTEMPATH\Common.php(1184): CodeIgniter\View\View->render('admin/dashboard', [], true)
 4 APPPATH\Controllers\AdminController.php(33): view('admin/dashboard', [...])
 5 SYSTEMPATH\CodeIgniter.php(934): App\Controllers\AdminController->index()
 6 SYSTEMPATH\CodeIgniter.php(499): CodeIgniter\CodeIgniter->runController(Object(App\Controllers\AdminController))
 7 SYSTEMPATH\CodeIgniter.php(368): CodeIgniter\CodeIgniter->handleRequest(null, Object(Config\Cache), false)
 8 FCPATH\index.php(67): CodeIgniter\CodeIgniter->run()
 9 SYSTEMPATH\Commands\Server\rewrite.php(47): require_once('C:\\laragon\\www\\github31\\aradan_codeigniter\\public\\index.php')
INFO - 2023-06-21 03:40:55 --> Session: Class initialized using 'CodeIgniter\Session\Handlers\FileHandler' driver.
CRITICAL - 2023-06-21 03:40:55 --> Cannot access offset of type string on string
in APPPATH\Views\admin\dashboard.php on line 37.
 1 SYSTEMPATH\View\View.php(213): include()
 2 SYSTEMPATH\View\View.php(216): CodeIgniter\View\View->CodeIgniter\View\{closure}()
 3 SYSTEMPATH\Common.php(1184): CodeIgniter\View\View->render('admin/dashboard', [], true)
 4 APPPATH\Controllers\AdminController.php(33): view('admin/dashboard', [...])
 5 SYSTEMPATH\CodeIgniter.php(934): App\Controllers\AdminController->index()
 6 SYSTEMPATH\CodeIgniter.php(499): CodeIgniter\CodeIgniter->runController(Object(App\Controllers\AdminController))
 7 SYSTEMPATH\CodeIgniter.php(368): CodeIgniter\CodeIgniter->handleRequest(null, Object(Config\Cache), false)
 8 FCPATH\index.php(67): CodeIgniter\CodeIgniter->run()
 9 SYSTEMPATH\Commands\Server\rewrite.php(47): require_once('C:\\laragon\\www\\github31\\aradan_codeigniter\\public\\index.php')
INFO - 2023-06-21 03:41:18 --> Session: Class initialized using 'CodeIgniter\Session\Handlers\FileHandler' driver.
CRITICAL - 2023-06-21 03:41:18 --> Cannot access offset of type string on string
in APPPATH\Views\admin\dashboard.php on line 37.
 1 SYSTEMPATH\View\View.php(213): include()
 2 SYSTEMPATH\View\View.php(216): CodeIgniter\View\View->CodeIgniter\View\{closure}()
 3 SYSTEMPATH\Common.php(1184): CodeIgniter\View\View->render('admin/dashboard', [], true)
 4 APPPATH\Controllers\AdminController.php(33): view('admin/dashboard', [...])
 5 SYSTEMPATH\CodeIgniter.php(934): App\Controllers\AdminController->index()
 6 SYSTEMPATH\CodeIgniter.php(499): CodeIgniter\CodeIgniter->runController(Object(App\Controllers\AdminController))
 7 SYSTEMPATH\CodeIgniter.php(368): CodeIgniter\CodeIgniter->handleRequest(null, Object(Config\Cache), false)
 8 FCPATH\index.php(67): CodeIgniter\CodeIgniter->run()
 9 SYSTEMPATH\Commands\Server\rewrite.php(47): require_once('C:\\laragon\\www\\github31\\aradan_codeigniter\\public\\index.php')
INFO - 2023-06-21 03:41:29 --> Session: Class initialized using 'CodeIgniter\Session\Handlers\FileHandler' driver.
INFO - 2023-06-21 03:41:40 --> Session: Class initialized using 'CodeIgniter\Session\Handlers\FileHandler' driver.
CRITICAL - 2023-06-21 03:41:40 --> Attempt to read property "name" on string
in APPPATH\Views\admin\dashboard.php on line 37.
 1 APPPATH\Views\admin\dashboard.php(37): CodeIgniter\Debug\Exceptions->errorHandler(2, 'Attempt to read property "name" on string', 'C:\\laragon\\www\\github31\\aradan_codeigniter\\app\\Views\\admin\\dashboard.php', 37)
 2 SYSTEMPATH\View\View.php(213): include('C:\\laragon\\www\\github31\\aradan_codeigniter\\app\\Views\\admin\\dashboard.php')
 3 SYSTEMPATH\View\View.php(216): CodeIgniter\View\View->CodeIgniter\View\{closure}()
 4 SYSTEMPATH\Common.php(1184): CodeIgniter\View\View->render('admin/dashboard', [], true)
 5 APPPATH\Controllers\AdminController.php(33): view('admin/dashboard', [...])
 6 SYSTEMPATH\CodeIgniter.php(934): App\Controllers\AdminController->index()
 7 SYSTEMPATH\CodeIgniter.php(499): CodeIgniter\CodeIgniter->runController(Object(App\Controllers\AdminController))
 8 SYSTEMPATH\CodeIgniter.php(368): CodeIgniter\CodeIgniter->handleRequest(null, Object(Config\Cache), false)
 9 FCPATH\index.php(67): CodeIgniter\CodeIgniter->run()
10 SYSTEMPATH\Commands\Server\rewrite.php(47): require_once('C:\\laragon\\www\\github31\\aradan_codeigniter\\public\\index.php')
INFO - 2023-06-21 03:42:11 --> Session: Class initialized using 'CodeIgniter\Session\Handlers\FileHandler' driver.
CRITICAL - 2023-06-21 03:42:12 --> Attempt to read property "name" on array
in APPPATH\Views\admin\dashboard.php on line 36.
 1 APPPATH\Views\admin\dashboard.php(36): CodeIgniter\Debug\Exceptions->errorHandler(2, 'Attempt to read property "name" on array', 'C:\\laragon\\www\\github31\\aradan_codeigniter\\app\\Views\\admin\\dashboard.php', 36)
 2 SYSTEMPATH\View\View.php(213): include('C:\\laragon\\www\\github31\\aradan_codeigniter\\app\\Views\\admin\\dashboard.php')
 3 SYSTEMPATH\View\View.php(216): CodeIgniter\View\View->CodeIgniter\View\{closure}()
 4 SYSTEMPATH\Common.php(1184): CodeIgniter\View\View->render('admin/dashboard', [], true)
 5 APPPATH\Controllers\AdminController.php(33): view('admin/dashboard', [...])
 6 SYSTEMPATH\CodeIgniter.php(934): App\Controllers\AdminController->index()
 7 SYSTEMPATH\CodeIgniter.php(499): CodeIgniter\CodeIgniter->runController(Object(App\Controllers\AdminController))
 8 SYSTEMPATH\CodeIgniter.php(368): CodeIgniter\CodeIgniter->handleRequest(null, Object(Config\Cache), false)
 9 FCPATH\index.php(67): CodeIgniter\CodeIgniter->run()
10 SYSTEMPATH\Commands\Server\rewrite.php(47): require_once('C:\\laragon\\www\\github31\\aradan_codeigniter\\public\\index.php')
INFO - 2023-06-21 03:42:38 --> Session: Class initialized using 'CodeIgniter\Session\Handlers\FileHandler' driver.
CRITICAL - 2023-06-21 03:42:38 --> Call to undefined method CodeIgniter\Session\Session::select()
in APPPATH\Controllers\AdminController.php on line 31.
 1 SYSTEMPATH\CodeIgniter.php(934): App\Controllers\AdminController->index()
 2 SYSTEMPATH\CodeIgniter.php(499): CodeIgniter\CodeIgniter->runController(Object(App\Controllers\AdminController))
 3 SYSTEMPATH\CodeIgniter.php(368): CodeIgniter\CodeIgniter->handleRequest(null, Object(Config\Cache), false)
 4 FCPATH\index.php(67): CodeIgniter\CodeIgniter->run()
 5 SYSTEMPATH\Commands\Server\rewrite.php(47): require_once('C:\\laragon\\www\\github31\\aradan_codeigniter\\public\\index.php')
INFO - 2023-06-21 03:42:54 --> Session: Class initialized using 'CodeIgniter\Session\Handlers\FileHandler' driver.
CRITICAL - 2023-06-21 03:42:54 --> Call to undefined method CodeIgniter\Session\Session::select()
in APPPATH\Controllers\AdminController.php on line 31.
 1 SYSTEMPATH\CodeIgniter.php(934): App\Controllers\AdminController->index()
 2 SYSTEMPATH\CodeIgniter.php(499): CodeIgniter\CodeIgniter->runController(Object(App\Controllers\AdminController))
 3 SYSTEMPATH\CodeIgniter.php(368): CodeIgniter\CodeIgniter->handleRequest(null, Object(Config\Cache), false)
 4 FCPATH\index.php(67): CodeIgniter\CodeIgniter->run()
 5 SYSTEMPATH\Commands\Server\rewrite.php(47): require_once('C:\\laragon\\www\\github31\\aradan_codeigniter\\public\\index.php')
INFO - 2023-06-21 03:43:08 --> Session: Class initialized using 'CodeIgniter\Session\Handlers\FileHandler' driver.
INFO - 2023-06-21 03:44:45 --> Session: Class initialized using 'CodeIgniter\Session\Handlers\FileHandler' driver.
INFO - 2023-06-21 03:47:03 --> Session: Class initialized using 'CodeIgniter\Session\Handlers\FileHandler' driver.
INFO - 2023-06-21 03:47:56 --> Session: Class initialized using 'CodeIgniter\Session\Handlers\FileHandler' driver.
INFO - 2023-06-21 03:48:36 --> Session: Class initialized using 'CodeIgniter\Session\Handlers\FileHandler' driver.
INFO - 2023-06-21 03:48:52 --> Session: Class initialized using 'CodeIgniter\Session\Handlers\FileHandler' driver.
INFO - 2023-06-21 04:19:06 --> Session: Class initialized using 'CodeIgniter\Session\Handlers\FileHandler' driver.
INFO - 2023-06-21 04:19:13 --> Session: Class initialized using 'CodeIgniter\Session\Handlers\FileHandler' driver.
INFO - 2023-06-21 04:19:14 --> Session: Class initialized using 'CodeIgniter\Session\Handlers\FileHandler' driver.
INFO - 2023-06-21 04:19:31 --> Session: Class initialized using 'CodeIgniter\Session\Handlers\FileHandler' driver.
INFO - 2023-06-21 04:19:43 --> Session: Class initialized using 'CodeIgniter\Session\Handlers\FileHandler' driver.
INFO - 2023-06-21 04:20:17 --> Session: Class initialized using 'CodeIgniter\Session\Handlers\FileHandler' driver.
INFO - 2023-06-21 04:20:18 --> Session: Class initialized using 'CodeIgniter\Session\Handlers\FileHandler' driver.
INFO - 2023-06-21 04:23:43 --> Session: Class initialized using 'CodeIgniter\Session\Handlers\FileHandler' driver.
CRITICAL - 2023-06-21 04:23:43 --> Undefined variable $userModel
in APPPATH\Controllers\UserController.php on line 80.
 1 APPPATH\Controllers\UserController.php(80): CodeIgniter\Debug\Exceptions->errorHandler(2, 'Undefined variable $userModel', 'C:\\laragon\\www\\github31\\aradan_codeigniter\\app\\Controllers\\UserController.php', 80)
 2 SYSTEMPATH\CodeIgniter.php(934): App\Controllers\UserController->index()
 3 SYSTEMPATH\CodeIgniter.php(499): CodeIgniter\CodeIgniter->runController(Object(App\Controllers\UserController))
 4 SYSTEMPATH\CodeIgniter.php(368): CodeIgniter\CodeIgniter->handleRequest(null, Object(Config\Cache), false)
 5 FCPATH\index.php(67): CodeIgniter\CodeIgniter->run()
 6 SYSTEMPATH\Commands\Server\rewrite.php(47): require_once('C:\\laragon\\www\\github31\\aradan_codeigniter\\public\\index.php')
INFO - 2023-06-21 04:23:59 --> Session: Class initialized using 'CodeIgniter\Session\Handlers\FileHandler' driver.
INFO - 2023-06-21 04:25:06 --> Session: Class initialized using 'CodeIgniter\Session\Handlers\FileHandler' driver.
INFO - 2023-06-21 04:27:48 --> Session: Class initialized using 'CodeIgniter\Session\Handlers\FileHandler' driver.
INFO - 2023-06-21 04:30:13 --> Session: Class initialized using 'CodeIgniter\Session\Handlers\FileHandler' driver.
INFO - 2023-06-21 04:31:45 --> Session: Class initialized using 'CodeIgniter\Session\Handlers\FileHandler' driver.
INFO - 2023-06-21 04:39:24 --> Session: Class initialized using 'CodeIgniter\Session\Handlers\FileHandler' driver.
INFO - 2023-06-21 04:39:35 --> Session: Class initialized using 'CodeIgniter\Session\Handlers\FileHandler' driver.
INFO - 2023-06-21 04:39:36 --> Session: Class initialized using 'CodeIgniter\Session\Handlers\FileHandler' driver.
INFO - 2023-06-21 04:39:51 --> Session: Class initialized using 'CodeIgniter\Session\Handlers\FileHandler' driver.
INFO - 2023-06-21 04:39:52 --> Session: Class initialized using 'CodeIgniter\Session\Handlers\FileHandler' driver.
INFO - 2023-06-21 04:41:23 --> Session: Class initialized using 'CodeIgniter\Session\Handlers\FileHandler' driver.
INFO - 2023-06-21 04:41:40 --> Session: Class initialized using 'CodeIgniter\Session\Handlers\FileHandler' driver.
INFO - 2023-06-21 04:42:01 --> Session: Class initialized using 'CodeIgniter\Session\Handlers\FileHandler' driver.
INFO - 2023-06-21 04:50:35 --> Session: Class initialized using 'CodeIgniter\Session\Handlers\FileHandler' driver.
CRITICAL - 2023-06-21 04:50:37 --> include(backend_partials/_sidebar_admin): Failed to open stream: No such file or directory
in APPPATH\Views\layouts\backend.php on line 213.
 1 APPPATH\Views\layouts\backend.php(213): CodeIgniter\Debug\Exceptions->errorHandler(2, 'include(backend_partials/_sidebar_admin): Failed to open stream: No such file or directory', 'C:\\laragon\\www\\github31\\aradan_codeigniter\\app\\Views\\layouts\\backend.php', 213)
 2 APPPATH\Views\layouts\backend.php(213): include()
 3 SYSTEMPATH\View\View.php(213): include('C:\\laragon\\www\\github31\\aradan_codeigniter\\app\\Views\\layouts\\backend.php')
 4 SYSTEMPATH\View\View.php(216): CodeIgniter\View\View->CodeIgniter\View\{closure}()
 5 SYSTEMPATH\View\View.php(229): CodeIgniter\View\View->render('layouts/backend', [], true)
 6 SYSTEMPATH\Common.php(1184): CodeIgniter\View\View->render('admin/dashboard', [], true)
 7 APPPATH\Controllers\AdminController.php(33): view('admin/dashboard', [...])
 8 SYSTEMPATH\CodeIgniter.php(934): App\Controllers\AdminController->index()
 9 SYSTEMPATH\CodeIgniter.php(499): CodeIgniter\CodeIgniter->runController(Object(App\Controllers\AdminController))
10 SYSTEMPATH\CodeIgniter.php(368): CodeIgniter\CodeIgniter->handleRequest(null, Object(Config\Cache), false)
11 FCPATH\index.php(67): CodeIgniter\CodeIgniter->run()
12 SYSTEMPATH\Commands\Server\rewrite.php(47): require_once('C:\\laragon\\www\\github31\\aradan_codeigniter\\public\\index.php')
INFO - 2023-06-21 04:52:05 --> Session: Class initialized using 'CodeIgniter\Session\Handlers\FileHandler' driver.
INFO - 2023-06-21 04:53:39 --> Session: Class initialized using 'CodeIgniter\Session\Handlers\FileHandler' driver.
INFO - 2023-06-21 04:54:52 --> Session: Class initialized using 'CodeIgniter\Session\Handlers\FileHandler' driver.
INFO - 2023-06-21 04:55:28 --> Session: Class initialized using 'CodeIgniter\Session\Handlers\FileHandler' driver.
INFO - 2023-06-21 04:56:13 --> Session: Class initialized using 'CodeIgniter\Session\Handlers\FileHandler' driver.
INFO - 2023-06-21 04:57:05 --> Session: Class initialized using 'CodeIgniter\Session\Handlers\FileHandler' driver.
INFO - 2023-06-21 04:58:40 --> Session: Class initialized using 'CodeIgniter\Session\Handlers\FileHandler' driver.
INFO - 2023-06-21 05:00:22 --> Session: Class initialized using 'CodeIgniter\Session\Handlers\FileHandler' driver.
INFO - 2023-06-21 05:00:45 --> Session: Class initialized using 'CodeIgniter\Session\Handlers\FileHandler' driver.
INFO - 2023-06-21 05:00:58 --> Session: Class initialized using 'CodeIgniter\Session\Handlers\FileHandler' driver.
INFO - 2023-06-21 05:01:24 --> Session: Class initialized using 'CodeIgniter\Session\Handlers\FileHandler' driver.
INFO - 2023-06-21 05:02:04 --> Session: Class initialized using 'CodeIgniter\Session\Handlers\FileHandler' driver.
INFO - 2023-06-21 05:04:28 --> Session: Class initialized using 'CodeIgniter\Session\Handlers\FileHandler' driver.
INFO - 2023-06-21 05:04:58 --> Session: Class initialized using 'CodeIgniter\Session\Handlers\FileHandler' driver.
INFO - 2023-06-21 05:05:30 --> Session: Class initialized using 'CodeIgniter\Session\Handlers\FileHandler' driver.
INFO - 2023-06-21 05:05:52 --> Session: Class initialized using 'CodeIgniter\Session\Handlers\FileHandler' driver.
INFO - 2023-06-21 05:06:25 --> Session: Class initialized using 'CodeIgniter\Session\Handlers\FileHandler' driver.
INFO - 2023-06-21 05:08:46 --> Session: Class initialized using 'CodeIgniter\Session\Handlers\FileHandler' driver.
