INFO - 2023-05-29 11:34:55 --> Session: Class initialized using 'CodeIgniter\Session\Handlers\FileHandler' driver.
CRITICAL - 2023-05-29 11:37:20 --> Undefined variable $title
in APPPATH\Views\Product\index.php on line 11.
 1 APPPATH\Views\Product\index.php(11): CodeIgniter\Debug\Exceptions->errorHandler(2, 'Undefined variable $title', 'C:\\laragon\\www\\github31\\aradan_codeigniter\\app\\Views\\Product\\index.php', 11)
 2 SYSTEMPATH\View\View.php(213): include('C:\\laragon\\www\\github31\\aradan_codeigniter\\app\\Views\\Product\\index.php')
 3 SYSTEMPATH\View\View.php(216): CodeIgniter\View\View->CodeIgniter\View\{closure}()
 4 SYSTEMPATH\Common.php(1184): CodeIgniter\View\View->render('Product/index', [], true)
 5 APPPATH\Controllers\ProductController.php(62): view('Product/index', [...])
 6 SYSTEMPATH\CodeIgniter.php(934): App\Controllers\ProductController->store()
 7 SYSTEMPATH\CodeIgniter.php(499): CodeIgniter\CodeIgniter->runController(Object(App\Controllers\ProductController))
 8 SYSTEMPATH\CodeIgniter.php(368): CodeIgniter\CodeIgniter->handleRequest(null, Object(Config\Cache), false)
 9 FCPATH\index.php(67): CodeIgniter\CodeIgniter->run()
10 SYSTEMPATH\Commands\Server\rewrite.php(47): require_once('C:\\laragon\\www\\github31\\aradan_codeigniter\\public\\index.php')
INFO - 2023-05-29 11:37:39 --> Session: Class initialized using 'CodeIgniter\Session\Handlers\FileHandler' driver.
CRITICAL - 2023-05-29 11:37:39 --> Undefined variable $products
in APPPATH\Views\Product\index.php on line 71.
 1 APPPATH\Views\Product\index.php(71): CodeIgniter\Debug\Exceptions->errorHandler(2, 'Undefined variable $products', 'C:\\laragon\\www\\github31\\aradan_codeigniter\\app\\Views\\Product\\index.php', 71)
 2 SYSTEMPATH\View\View.php(213): include('C:\\laragon\\www\\github31\\aradan_codeigniter\\app\\Views\\Product\\index.php')
 3 SYSTEMPATH\View\View.php(216): CodeIgniter\View\View->CodeIgniter\View\{closure}()
 4 SYSTEMPATH\Common.php(1184): CodeIgniter\View\View->render('Product/index', [], true)
 5 APPPATH\Controllers\ProductController.php(62): view('Product/index', [...])
 6 SYSTEMPATH\CodeIgniter.php(934): App\Controllers\ProductController->store()
 7 SYSTEMPATH\CodeIgniter.php(499): CodeIgniter\CodeIgniter->runController(Object(App\Controllers\ProductController))
 8 SYSTEMPATH\CodeIgniter.php(368): CodeIgniter\CodeIgniter->handleRequest(null, Object(Config\Cache), false)
 9 FCPATH\index.php(67): CodeIgniter\CodeIgniter->run()
10 SYSTEMPATH\Commands\Server\rewrite.php(47): require_once('C:\\laragon\\www\\github31\\aradan_codeigniter\\public\\index.php')
INFO - 2023-05-29 11:39:06 --> Session: Class initialized using 'CodeIgniter\Session\Handlers\FileHandler' driver.
CRITICAL - 2023-05-29 11:39:06 --> Undefined variable $products
in APPPATH\Views\Product\index.php on line 71.
 1 APPPATH\Views\Product\index.php(71): CodeIgniter\Debug\Exceptions->errorHandler(2, 'Undefined variable $products', 'C:\\laragon\\www\\github31\\aradan_codeigniter\\app\\Views\\Product\\index.php', 71)
 2 SYSTEMPATH\View\View.php(213): include('C:\\laragon\\www\\github31\\aradan_codeigniter\\app\\Views\\Product\\index.php')
 3 SYSTEMPATH\View\View.php(216): CodeIgniter\View\View->CodeIgniter\View\{closure}()
 4 SYSTEMPATH\Common.php(1184): CodeIgniter\View\View->render('Product/index', [], true)
 5 APPPATH\Controllers\ProductController.php(62): view('Product/index', [...])
 6 SYSTEMPATH\CodeIgniter.php(934): App\Controllers\ProductController->store()
 7 SYSTEMPATH\CodeIgniter.php(499): CodeIgniter\CodeIgniter->runController(Object(App\Controllers\ProductController))
 8 SYSTEMPATH\CodeIgniter.php(368): CodeIgniter\CodeIgniter->handleRequest(null, Object(Config\Cache), false)
 9 FCPATH\index.php(67): CodeIgniter\CodeIgniter->run()
10 SYSTEMPATH\Commands\Server\rewrite.php(47): require_once('C:\\laragon\\www\\github31\\aradan_codeigniter\\public\\index.php')
INFO - 2023-05-29 11:39:19 --> Session: Class initialized using 'CodeIgniter\Session\Handlers\FileHandler' driver.
INFO - 2023-05-29 11:46:04 --> Session: Class initialized using 'CodeIgniter\Session\Handlers\FileHandler' driver.
CRITICAL - 2023-05-29 11:46:04 --> Undefined variable $products
in APPPATH\Views\Product\index.php on line 72.
 1 APPPATH\Views\Product\index.php(72): CodeIgniter\Debug\Exceptions->errorHandler(2, 'Undefined variable $products', 'C:\\laragon\\www\\github31\\aradan_codeigniter\\app\\Views\\Product\\index.php', 72)
 2 SYSTEMPATH\View\View.php(213): include('C:\\laragon\\www\\github31\\aradan_codeigniter\\app\\Views\\Product\\index.php')
 3 SYSTEMPATH\View\View.php(216): CodeIgniter\View\View->CodeIgniter\View\{closure}()
 4 SYSTEMPATH\Common.php(1184): CodeIgniter\View\View->render('Product/index', [], true)
 5 APPPATH\Controllers\ProductController.php(65): view('Product/index', [...])
 6 SYSTEMPATH\CodeIgniter.php(934): App\Controllers\ProductController->store()
 7 SYSTEMPATH\CodeIgniter.php(499): CodeIgniter\CodeIgniter->runController(Object(App\Controllers\ProductController))
 8 SYSTEMPATH\CodeIgniter.php(368): CodeIgniter\CodeIgniter->handleRequest(null, Object(Config\Cache), false)
 9 FCPATH\index.php(67): CodeIgniter\CodeIgniter->run()
10 SYSTEMPATH\Commands\Server\rewrite.php(47): require_once('C:\\laragon\\www\\github31\\aradan_codeigniter\\public\\index.php')
INFO - 2023-05-29 11:49:02 --> Session: Class initialized using 'CodeIgniter\Session\Handlers\FileHandler' driver.
CRITICAL - 2023-05-29 11:49:02 --> Undefined variable $products
in APPPATH\Views\Product\index.php on line 72.
 1 APPPATH\Views\Product\index.php(72): CodeIgniter\Debug\Exceptions->errorHandler(2, 'Undefined variable $products', 'C:\\laragon\\www\\github31\\aradan_codeigniter\\app\\Views\\Product\\index.php', 72)
 2 SYSTEMPATH\View\View.php(213): include('C:\\laragon\\www\\github31\\aradan_codeigniter\\app\\Views\\Product\\index.php')
 3 SYSTEMPATH\View\View.php(216): CodeIgniter\View\View->CodeIgniter\View\{closure}()
 4 SYSTEMPATH\Common.php(1184): CodeIgniter\View\View->render('Product/index', [], true)
 5 APPPATH\Controllers\ProductController.php(65): view('Product/index', [...])
 6 SYSTEMPATH\CodeIgniter.php(934): App\Controllers\ProductController->store()
 7 SYSTEMPATH\CodeIgniter.php(499): CodeIgniter\CodeIgniter->runController(Object(App\Controllers\ProductController))
 8 SYSTEMPATH\CodeIgniter.php(368): CodeIgniter\CodeIgniter->handleRequest(null, Object(Config\Cache), false)
 9 FCPATH\index.php(67): CodeIgniter\CodeIgniter->run()
10 SYSTEMPATH\Commands\Server\rewrite.php(47): require_once('C:\\laragon\\www\\github31\\aradan_codeigniter\\public\\index.php')
INFO - 2023-05-29 11:51:46 --> Session: Class initialized using 'CodeIgniter\Session\Handlers\FileHandler' driver.
CRITICAL - 2023-05-29 11:51:46 --> Undefined variable $products
in APPPATH\Views\Product\index.php on line 72.
 1 APPPATH\Views\Product\index.php(72): CodeIgniter\Debug\Exceptions->errorHandler(2, 'Undefined variable $products', 'C:\\laragon\\www\\github31\\aradan_codeigniter\\app\\Views\\Product\\index.php', 72)
 2 SYSTEMPATH\View\View.php(213): include('C:\\laragon\\www\\github31\\aradan_codeigniter\\app\\Views\\Product\\index.php')
 3 SYSTEMPATH\View\View.php(216): CodeIgniter\View\View->CodeIgniter\View\{closure}()
 4 SYSTEMPATH\Common.php(1184): CodeIgniter\View\View->render('Product/index', [], true)
 5 APPPATH\Controllers\ProductController.php(65): view('Product/index', [...])
 6 SYSTEMPATH\CodeIgniter.php(934): App\Controllers\ProductController->store()
 7 SYSTEMPATH\CodeIgniter.php(499): CodeIgniter\CodeIgniter->runController(Object(App\Controllers\ProductController))
 8 SYSTEMPATH\CodeIgniter.php(368): CodeIgniter\CodeIgniter->handleRequest(null, Object(Config\Cache), false)
 9 FCPATH\index.php(67): CodeIgniter\CodeIgniter->run()
10 SYSTEMPATH\Commands\Server\rewrite.php(47): require_once('C:\\laragon\\www\\github31\\aradan_codeigniter\\public\\index.php')
INFO - 2023-05-29 11:52:18 --> Session: Class initialized using 'CodeIgniter\Session\Handlers\FileHandler' driver.
CRITICAL - 2023-05-29 11:52:19 --> Undefined variable $products
in APPPATH\Views\Product\index.php on line 71.
 1 APPPATH\Views\Product\index.php(71): CodeIgniter\Debug\Exceptions->errorHandler(2, 'Undefined variable $products', 'C:\\laragon\\www\\github31\\aradan_codeigniter\\app\\Views\\Product\\index.php', 71)
 2 SYSTEMPATH\View\View.php(213): include('C:\\laragon\\www\\github31\\aradan_codeigniter\\app\\Views\\Product\\index.php')
 3 SYSTEMPATH\View\View.php(216): CodeIgniter\View\View->CodeIgniter\View\{closure}()
 4 SYSTEMPATH\Common.php(1184): CodeIgniter\View\View->render('Product/index', [], true)
 5 APPPATH\Controllers\ProductController.php(65): view('Product/index', [...])
 6 SYSTEMPATH\CodeIgniter.php(934): App\Controllers\ProductController->store()
 7 SYSTEMPATH\CodeIgniter.php(499): CodeIgniter\CodeIgniter->runController(Object(App\Controllers\ProductController))
 8 SYSTEMPATH\CodeIgniter.php(368): CodeIgniter\CodeIgniter->handleRequest(null, Object(Config\Cache), false)
 9 FCPATH\index.php(67): CodeIgniter\CodeIgniter->run()
10 SYSTEMPATH\Commands\Server\rewrite.php(47): require_once('C:\\laragon\\www\\github31\\aradan_codeigniter\\public\\index.php')
INFO - 2023-05-29 11:52:47 --> Session: Class initialized using 'CodeIgniter\Session\Handlers\FileHandler' driver.
CRITICAL - 2023-05-29 11:52:47 --> Undefined variable $products
in APPPATH\Views\Product\index.php on line 71.
 1 APPPATH\Views\Product\index.php(71): CodeIgniter\Debug\Exceptions->errorHandler(2, 'Undefined variable $products', 'C:\\laragon\\www\\github31\\aradan_codeigniter\\app\\Views\\Product\\index.php', 71)
 2 SYSTEMPATH\View\View.php(213): include('C:\\laragon\\www\\github31\\aradan_codeigniter\\app\\Views\\Product\\index.php')
 3 SYSTEMPATH\View\View.php(216): CodeIgniter\View\View->CodeIgniter\View\{closure}()
 4 SYSTEMPATH\Common.php(1184): CodeIgniter\View\View->render('Product/index', [], true)
 5 APPPATH\Controllers\ProductController.php(57): view('Product/index', [...])
 6 SYSTEMPATH\CodeIgniter.php(934): App\Controllers\ProductController->store()
 7 SYSTEMPATH\CodeIgniter.php(499): CodeIgniter\CodeIgniter->runController(Object(App\Controllers\ProductController))
 8 SYSTEMPATH\CodeIgniter.php(368): CodeIgniter\CodeIgniter->handleRequest(null, Object(Config\Cache), false)
 9 FCPATH\index.php(67): CodeIgniter\CodeIgniter->run()
10 SYSTEMPATH\Commands\Server\rewrite.php(47): require_once('C:\\laragon\\www\\github31\\aradan_codeigniter\\public\\index.php')
INFO - 2023-05-29 11:54:17 --> Session: Class initialized using 'CodeIgniter\Session\Handlers\FileHandler' driver.
INFO - 2023-05-29 11:59:08 --> Session: Class initialized using 'CodeIgniter\Session\Handlers\FileHandler' driver.
INFO - 2023-05-29 12:00:12 --> Session: Class initialized using 'CodeIgniter\Session\Handlers\FileHandler' driver.
INFO - 2023-05-29 12:00:37 --> Session: Class initialized using 'CodeIgniter\Session\Handlers\FileHandler' driver.
INFO - 2023-05-29 12:01:03 --> Session: Class initialized using 'CodeIgniter\Session\Handlers\FileHandler' driver.
INFO - 2023-05-29 15:02:23 --> Session: Class initialized using 'CodeIgniter\Session\Handlers\FileHandler' driver.
INFO - 2023-05-29 15:02:31 --> Session: Class initialized using 'CodeIgniter\Session\Handlers\FileHandler' driver.
INFO - 2023-05-29 22:09:08 --> Session: Class initialized using 'CodeIgniter\Session\Handlers\FileHandler' driver.
INFO - 2023-05-29 22:09:14 --> Session: Class initialized using 'CodeIgniter\Session\Handlers\FileHandler' driver.
INFO - 2023-05-29 22:09:20 --> Session: Class initialized using 'CodeIgniter\Session\Handlers\FileHandler' driver.
INFO - 2023-05-29 22:36:47 --> Session: Class initialized using 'CodeIgniter\Session\Handlers\FileHandler' driver.
CRITICAL - 2023-05-29 22:36:52 --> Call to undefined function form_open_multipart()
in APPPATH\Views\Product\create.php on line 18.
 1 SYSTEMPATH\View\View.php(213): include()
 2 SYSTEMPATH\View\View.php(216): CodeIgniter\View\View->CodeIgniter\View\{closure}()
 3 SYSTEMPATH\Common.php(1184): CodeIgniter\View\View->render('product/create', [], true)
 4 APPPATH\Controllers\ProductController.php(24): view('product/create', [...])
 5 SYSTEMPATH\CodeIgniter.php(934): App\Controllers\ProductController->create()
 6 SYSTEMPATH\CodeIgniter.php(499): CodeIgniter\CodeIgniter->runController(Object(App\Controllers\ProductController))
 7 SYSTEMPATH\CodeIgniter.php(368): CodeIgniter\CodeIgniter->handleRequest(null, Object(Config\Cache), false)
 8 FCPATH\index.php(67): CodeIgniter\CodeIgniter->run()
 9 SYSTEMPATH\Commands\Server\rewrite.php(47): require_once('C:\\laragon\\www\\github31\\aradan_codeigniter\\public\\index.php')
CRITICAL - 2023-05-29 22:37:11 --> Call to undefined function form_open_multipart()
in APPPATH\Views\Product\create.php on line 18.
 1 SYSTEMPATH\View\View.php(213): include()
 2 SYSTEMPATH\View\View.php(216): CodeIgniter\View\View->CodeIgniter\View\{closure}()
 3 SYSTEMPATH\Common.php(1184): CodeIgniter\View\View->render('product/create', [], true)
 4 APPPATH\Controllers\ProductController.php(24): view('product/create', [...])
 5 SYSTEMPATH\CodeIgniter.php(934): App\Controllers\ProductController->create()
 6 SYSTEMPATH\CodeIgniter.php(499): CodeIgniter\CodeIgniter->runController(Object(App\Controllers\ProductController))
 7 SYSTEMPATH\CodeIgniter.php(368): CodeIgniter\CodeIgniter->handleRequest(null, Object(Config\Cache), false)
 8 FCPATH\index.php(67): CodeIgniter\CodeIgniter->run()
 9 SYSTEMPATH\Commands\Server\rewrite.php(47): require_once('C:\\laragon\\www\\github31\\aradan_codeigniter\\public\\index.php')
CRITICAL - 2023-05-29 22:38:29 --> Call to undefined function form_open_multipart()
in APPPATH\Views\Product\create.php on line 18.
 1 SYSTEMPATH\View\View.php(213): include()
 2 SYSTEMPATH\View\View.php(216): CodeIgniter\View\View->CodeIgniter\View\{closure}()
 3 SYSTEMPATH\Common.php(1184): CodeIgniter\View\View->render('product/create', [], true)
 4 APPPATH\Controllers\ProductController.php(29): view('product/create', [...])
 5 SYSTEMPATH\CodeIgniter.php(934): App\Controllers\ProductController->create()
 6 SYSTEMPATH\CodeIgniter.php(499): CodeIgniter\CodeIgniter->runController(Object(App\Controllers\ProductController))
 7 SYSTEMPATH\CodeIgniter.php(368): CodeIgniter\CodeIgniter->handleRequest(null, Object(Config\Cache), false)
 8 FCPATH\index.php(67): CodeIgniter\CodeIgniter->run()
 9 SYSTEMPATH\Commands\Server\rewrite.php(47): require_once('C:\\laragon\\www\\github31\\aradan_codeigniter\\public\\index.php')
CRITICAL - 2023-05-29 22:47:35 --> Cannot call constructor
in APPPATH\Controllers\ProductController.php on line 11.
 1 SYSTEMPATH\CodeIgniter.php(906): App\Controllers\ProductController->__construct()
 2 SYSTEMPATH\CodeIgniter.php(490): CodeIgniter\CodeIgniter->createController()
 3 SYSTEMPATH\CodeIgniter.php(368): CodeIgniter\CodeIgniter->handleRequest(null, Object(Config\Cache), false)
 4 FCPATH\index.php(67): CodeIgniter\CodeIgniter->run()
 5 SYSTEMPATH\Commands\Server\rewrite.php(47): require_once('C:\\laragon\\www\\github31\\aradan_codeigniter\\public\\index.php')
CRITICAL - 2023-05-29 22:48:10 --> Undefined property: App\Controllers\ProductController::$load
in APPPATH\Controllers\ProductController.php on line 30.
 1 APPPATH\Controllers\ProductController.php(30): CodeIgniter\Debug\Exceptions->errorHandler(2, 'Undefined property: App\\Controllers\\ProductController::$load', 'C:\\laragon\\www\\github31\\aradan_codeigniter\\app\\Controllers\\ProductController.php', 30)
 2 SYSTEMPATH\CodeIgniter.php(934): App\Controllers\ProductController->create()
 3 SYSTEMPATH\CodeIgniter.php(499): CodeIgniter\CodeIgniter->runController(Object(App\Controllers\ProductController))
 4 SYSTEMPATH\CodeIgniter.php(368): CodeIgniter\CodeIgniter->handleRequest(null, Object(Config\Cache), false)
 5 FCPATH\index.php(67): CodeIgniter\CodeIgniter->run()
 6 SYSTEMPATH\Commands\Server\rewrite.php(47): require_once('C:\\laragon\\www\\github31\\aradan_codeigniter\\public\\index.php')
CRITICAL - 2023-05-29 22:54:57 --> Undefined property: App\Controllers\ProductController::$load
in APPPATH\Controllers\ProductController.php on line 30.
 1 APPPATH\Controllers\ProductController.php(30): CodeIgniter\Debug\Exceptions->errorHandler(2, 'Undefined property: App\\Controllers\\ProductController::$load', 'C:\\laragon\\www\\github31\\aradan_codeigniter\\app\\Controllers\\ProductController.php', 30)
 2 SYSTEMPATH\CodeIgniter.php(934): App\Controllers\ProductController->create()
 3 SYSTEMPATH\CodeIgniter.php(499): CodeIgniter\CodeIgniter->runController(Object(App\Controllers\ProductController))
 4 SYSTEMPATH\CodeIgniter.php(368): CodeIgniter\CodeIgniter->handleRequest(null, Object(Config\Cache), false)
 5 FCPATH\index.php(67): CodeIgniter\CodeIgniter->run()
 6 SYSTEMPATH\Commands\Server\rewrite.php(47): require_once('C:\\laragon\\www\\github31\\aradan_codeigniter\\public\\index.php')
CRITICAL - 2023-05-29 22:55:03 --> Call to undefined function form_open_multipart()
in APPPATH\Views\Product\create.php on line 18.
 1 SYSTEMPATH\View\View.php(213): include()
 2 SYSTEMPATH\View\View.php(216): CodeIgniter\View\View->CodeIgniter\View\{closure}()
 3 SYSTEMPATH\Common.php(1184): CodeIgniter\View\View->render('product/create', [], true)
 4 APPPATH\Controllers\ProductController.php(31): view('product/create', [...])
 5 SYSTEMPATH\CodeIgniter.php(934): App\Controllers\ProductController->create()
 6 SYSTEMPATH\CodeIgniter.php(499): CodeIgniter\CodeIgniter->runController(Object(App\Controllers\ProductController))
 7 SYSTEMPATH\CodeIgniter.php(368): CodeIgniter\CodeIgniter->handleRequest(null, Object(Config\Cache), false)
 8 FCPATH\index.php(67): CodeIgniter\CodeIgniter->run()
 9 SYSTEMPATH\Commands\Server\rewrite.php(47): require_once('C:\\laragon\\www\\github31\\aradan_codeigniter\\public\\index.php')
CRITICAL - 2023-05-29 22:56:10 --> Call to undefined function form_open_multipart()
in APPPATH\Views\Product\create.php on line 18.
 1 SYSTEMPATH\View\View.php(213): include()
 2 SYSTEMPATH\View\View.php(216): CodeIgniter\View\View->CodeIgniter\View\{closure}()
 3 SYSTEMPATH\Common.php(1184): CodeIgniter\View\View->render('product/create', [], true)
 4 APPPATH\Controllers\ProductController.php(32): view('product/create', [...])
 5 SYSTEMPATH\CodeIgniter.php(934): App\Controllers\ProductController->create()
 6 SYSTEMPATH\CodeIgniter.php(499): CodeIgniter\CodeIgniter->runController(Object(App\Controllers\ProductController))
 7 SYSTEMPATH\CodeIgniter.php(368): CodeIgniter\CodeIgniter->handleRequest(null, Object(Config\Cache), false)
 8 FCPATH\index.php(67): CodeIgniter\CodeIgniter->run()
 9 SYSTEMPATH\Commands\Server\rewrite.php(47): require_once('C:\\laragon\\www\\github31\\aradan_codeigniter\\public\\index.php')
CRITICAL - 2023-05-29 22:56:13 --> Call to undefined function form_open_multipart()
in APPPATH\Views\Product\create.php on line 18.
 1 SYSTEMPATH\View\View.php(213): include()
 2 SYSTEMPATH\View\View.php(216): CodeIgniter\View\View->CodeIgniter\View\{closure}()
 3 SYSTEMPATH\Common.php(1184): CodeIgniter\View\View->render('product/create', [], true)
 4 APPPATH\Controllers\ProductController.php(32): view('product/create', [...])
 5 SYSTEMPATH\CodeIgniter.php(934): App\Controllers\ProductController->create()
 6 SYSTEMPATH\CodeIgniter.php(499): CodeIgniter\CodeIgniter->runController(Object(App\Controllers\ProductController))
 7 SYSTEMPATH\CodeIgniter.php(368): CodeIgniter\CodeIgniter->handleRequest(null, Object(Config\Cache), false)
 8 FCPATH\index.php(67): CodeIgniter\CodeIgniter->run()
 9 SYSTEMPATH\Commands\Server\rewrite.php(47): require_once('C:\\laragon\\www\\github31\\aradan_codeigniter\\public\\index.php')
CRITICAL - 2023-05-29 22:59:16 --> Class "App\Controllers\ModelsBlog" not found
in APPPATH\Controllers\ProductController.php on line 24.
 1 SYSTEMPATH\CodeIgniter.php(934): App\Controllers\ProductController->index()
 2 SYSTEMPATH\CodeIgniter.php(499): CodeIgniter\CodeIgniter->runController(Object(App\Controllers\ProductController))
 3 SYSTEMPATH\CodeIgniter.php(368): CodeIgniter\CodeIgniter->handleRequest(null, Object(Config\Cache), false)
 4 FCPATH\index.php(67): CodeIgniter\CodeIgniter->run()
 5 SYSTEMPATH\Commands\Server\rewrite.php(47): require_once('C:\\laragon\\www\\github31\\aradan_codeigniter\\public\\index.php')
CRITICAL - 2023-05-29 22:59:44 --> Call to undefined method App\Models\Product::getArtikel
in SYSTEMPATH\Model.php on line 842.
 1 APPPATH\Controllers\ProductController.php(28): CodeIgniter\Model->__call('getArtikel', [])
 2 SYSTEMPATH\CodeIgniter.php(934): App\Controllers\ProductController->index()
 3 SYSTEMPATH\CodeIgniter.php(499): CodeIgniter\CodeIgniter->runController(Object(App\Controllers\ProductController))
 4 SYSTEMPATH\CodeIgniter.php(368): CodeIgniter\CodeIgniter->handleRequest(null, Object(Config\Cache), false)
 5 FCPATH\index.php(67): CodeIgniter\CodeIgniter->run()
 6 SYSTEMPATH\Commands\Server\rewrite.php(47): require_once('C:\\laragon\\www\\github31\\aradan_codeigniter\\public\\index.php')
INFO - 2023-05-29 23:00:30 --> Session: Class initialized using 'CodeIgniter\Session\Handlers\FileHandler' driver.
CRITICAL - 2023-05-29 23:04:26 --> Invalid file: "create.php"
in SYSTEMPATH\Exceptions\FrameworkException.php on line 33.
 1 SYSTEMPATH\View\View.php(201): CodeIgniter\Exceptions\FrameworkException::forInvalidFile('create.php')
 2 SYSTEMPATH\Common.php(1184): CodeIgniter\View\View->render('create', [], true)
 3 APPPATH\Controllers\ProductController.php(25): view('create')
 4 SYSTEMPATH\CodeIgniter.php(934): App\Controllers\ProductController->form()
 5 SYSTEMPATH\CodeIgniter.php(499): CodeIgniter\CodeIgniter->runController(Object(App\Controllers\ProductController))
 6 SYSTEMPATH\CodeIgniter.php(368): CodeIgniter\CodeIgniter->handleRequest(null, Object(Config\Cache), false)
 7 FCPATH\index.php(67): CodeIgniter\CodeIgniter->run()
 8 SYSTEMPATH\Commands\Server\rewrite.php(47): require_once('C:\\laragon\\www\\github31\\aradan_codeigniter\\public\\index.php')
CRITICAL - 2023-05-29 23:05:30 --> Invalid file: "create.php"
in SYSTEMPATH\Exceptions\FrameworkException.php on line 33.
 1 SYSTEMPATH\View\View.php(201): CodeIgniter\Exceptions\FrameworkException::forInvalidFile('create.php')
 2 SYSTEMPATH\Common.php(1184): CodeIgniter\View\View->render('create', [], true)
 3 APPPATH\Controllers\ProductController.php(25): view('create')
 4 SYSTEMPATH\CodeIgniter.php(934): App\Controllers\ProductController->form()
 5 SYSTEMPATH\CodeIgniter.php(499): CodeIgniter\CodeIgniter->runController(Object(App\Controllers\ProductController))
 6 SYSTEMPATH\CodeIgniter.php(368): CodeIgniter\CodeIgniter->handleRequest(null, Object(Config\Cache), false)
 7 FCPATH\index.php(67): CodeIgniter\CodeIgniter->run()
 8 SYSTEMPATH\Commands\Server\rewrite.php(47): require_once('C:\\laragon\\www\\github31\\aradan_codeigniter\\public\\index.php')
INFO - 2023-05-29 23:20:07 --> Session: Class initialized using 'CodeIgniter\Session\Handlers\FileHandler' driver.
INFO - 2023-05-29 23:20:12 --> Session: Class initialized using 'CodeIgniter\Session\Handlers\FileHandler' driver.
INFO - 2023-05-29 23:20:56 --> Session: Class initialized using 'CodeIgniter\Session\Handlers\FileHandler' driver.
INFO - 2023-05-29 23:21:33 --> Session: Class initialized using 'CodeIgniter\Session\Handlers\FileHandler' driver.
INFO - 2023-05-29 23:21:33 --> Session: Class initialized using 'CodeIgniter\Session\Handlers\FileHandler' driver.
INFO - 2023-05-29 23:24:24 --> Session: Class initialized using 'CodeIgniter\Session\Handlers\FileHandler' driver.
INFO - 2023-05-29 23:25:10 --> Session: Class initialized using 'CodeIgniter\Session\Handlers\FileHandler' driver.
INFO - 2023-05-29 23:25:10 --> Session: Class initialized using 'CodeIgniter\Session\Handlers\FileHandler' driver.
INFO - 2023-05-29 23:27:02 --> Session: Class initialized using 'CodeIgniter\Session\Handlers\FileHandler' driver.
INFO - 2023-05-29 23:27:27 --> Session: Class initialized using 'CodeIgniter\Session\Handlers\FileHandler' driver.
INFO - 2023-05-29 23:27:59 --> Session: Class initialized using 'CodeIgniter\Session\Handlers\FileHandler' driver.
INFO - 2023-05-29 23:28:00 --> Session: Class initialized using 'CodeIgniter\Session\Handlers\FileHandler' driver.
INFO - 2023-05-29 23:30:31 --> Session: Class initialized using 'CodeIgniter\Session\Handlers\FileHandler' driver.
INFO - 2023-05-29 23:31:53 --> Session: Class initialized using 'CodeIgniter\Session\Handlers\FileHandler' driver.
INFO - 2023-05-29 23:31:54 --> Session: Class initialized using 'CodeIgniter\Session\Handlers\FileHandler' driver.
INFO - 2023-05-29 23:36:50 --> Session: Class initialized using 'CodeIgniter\Session\Handlers\FileHandler' driver.
INFO - 2023-05-29 23:37:24 --> Session: Class initialized using 'CodeIgniter\Session\Handlers\FileHandler' driver.
INFO - 2023-05-29 23:37:25 --> Session: Class initialized using 'CodeIgniter\Session\Handlers\FileHandler' driver.
INFO - 2023-05-29 23:39:48 --> Session: Class initialized using 'CodeIgniter\Session\Handlers\FileHandler' driver.
INFO - 2023-05-29 23:40:20 --> Session: Class initialized using 'CodeIgniter\Session\Handlers\FileHandler' driver.
INFO - 2023-05-29 23:40:20 --> Session: Class initialized using 'CodeIgniter\Session\Handlers\FileHandler' driver.
INFO - 2023-05-29 23:41:05 --> Session: Class initialized using 'CodeIgniter\Session\Handlers\FileHandler' driver.
INFO - 2023-05-29 23:42:25 --> Session: Class initialized using 'CodeIgniter\Session\Handlers\FileHandler' driver.
INFO - 2023-05-29 23:42:25 --> Session: Class initialized using 'CodeIgniter\Session\Handlers\FileHandler' driver.
INFO - 2023-05-29 23:44:07 --> Session: Class initialized using 'CodeIgniter\Session\Handlers\FileHandler' driver.
INFO - 2023-05-29 23:44:22 --> Session: Class initialized using 'CodeIgniter\Session\Handlers\FileHandler' driver.
INFO - 2023-05-29 23:46:10 --> Session: Class initialized using 'CodeIgniter\Session\Handlers\FileHandler' driver.
INFO - 2023-05-29 23:46:45 --> Session: Class initialized using 'CodeIgniter\Session\Handlers\FileHandler' driver.
INFO - 2023-05-29 23:53:58 --> Session: Class initialized using 'CodeIgniter\Session\Handlers\FileHandler' driver.
CRITICAL - 2023-05-29 23:54:06 --> Class "App\Controllers\ModelsBlog" not found
in APPPATH\Controllers\ProductController.php on line 73.
 1 SYSTEMPATH\CodeIgniter.php(934): App\Controllers\ProductController->form_edit('24')
 2 SYSTEMPATH\CodeIgniter.php(499): CodeIgniter\CodeIgniter->runController(Object(App\Controllers\ProductController))
 3 SYSTEMPATH\CodeIgniter.php(368): CodeIgniter\CodeIgniter->handleRequest(null, Object(Config\Cache), false)
 4 FCPATH\index.php(67): CodeIgniter\CodeIgniter->run()
 5 SYSTEMPATH\Commands\Server\rewrite.php(47): require_once('C:\\laragon\\www\\github31\\aradan_codeigniter\\public\\index.php')
CRITICAL - 2023-05-29 23:54:17 --> Undefined variable $artikel
in APPPATH\Views\form_edit.php on line 25.
 1 APPPATH\Views\form_edit.php(25): CodeIgniter\Debug\Exceptions->errorHandler(2, 'Undefined variable $artikel', 'C:\\laragon\\www\\github31\\aradan_codeigniter\\app\\Views\\form_edit.php', 25)
 2 SYSTEMPATH\View\View.php(213): include('C:\\laragon\\www\\github31\\aradan_codeigniter\\app\\Views\\form_edit.php')
 3 SYSTEMPATH\View\View.php(216): CodeIgniter\View\View->CodeIgniter\View\{closure}()
 4 SYSTEMPATH\Common.php(1184): CodeIgniter\View\View->render('form_edit', [], true)
 5 APPPATH\Controllers\ProductController.php(76): view('form_edit', [...])
 6 SYSTEMPATH\CodeIgniter.php(934): App\Controllers\ProductController->form_edit('24')
 7 SYSTEMPATH\CodeIgniter.php(499): CodeIgniter\CodeIgniter->runController(Object(App\Controllers\ProductController))
 8 SYSTEMPATH\CodeIgniter.php(368): CodeIgniter\CodeIgniter->handleRequest(null, Object(Config\Cache), false)
 9 FCPATH\index.php(67): CodeIgniter\CodeIgniter->run()
10 SYSTEMPATH\Commands\Server\rewrite.php(47): require_once('C:\\laragon\\www\\github31\\aradan_codeigniter\\public\\index.php')
CRITICAL - 2023-05-29 23:54:41 --> Undefined variable $artikel
in APPPATH\Views\form_edit.php on line 25.
 1 APPPATH\Views\form_edit.php(25): CodeIgniter\Debug\Exceptions->errorHandler(2, 'Undefined variable $artikel', 'C:\\laragon\\www\\github31\\aradan_codeigniter\\app\\Views\\form_edit.php', 25)
 2 SYSTEMPATH\View\View.php(213): include('C:\\laragon\\www\\github31\\aradan_codeigniter\\app\\Views\\form_edit.php')
 3 SYSTEMPATH\View\View.php(216): CodeIgniter\View\View->CodeIgniter\View\{closure}()
 4 SYSTEMPATH\Common.php(1184): CodeIgniter\View\View->render('form_edit', [], true)
 5 APPPATH\Controllers\ProductController.php(76): view('form_edit', [...])
 6 SYSTEMPATH\CodeIgniter.php(934): App\Controllers\ProductController->form_edit('24')
 7 SYSTEMPATH\CodeIgniter.php(499): CodeIgniter\CodeIgniter->runController(Object(App\Controllers\ProductController))
 8 SYSTEMPATH\CodeIgniter.php(368): CodeIgniter\CodeIgniter->handleRequest(null, Object(Config\Cache), false)
 9 FCPATH\index.php(67): CodeIgniter\CodeIgniter->run()
10 SYSTEMPATH\Commands\Server\rewrite.php(47): require_once('C:\\laragon\\www\\github31\\aradan_codeigniter\\public\\index.php')
INFO - 2023-05-29 23:54:57 --> Session: Class initialized using 'CodeIgniter\Session\Handlers\FileHandler' driver.
INFO - 2023-05-29 23:54:59 --> Session: Class initialized using 'CodeIgniter\Session\Handlers\FileHandler' driver.
CRITICAL - 2023-05-29 23:55:05 --> Undefined variable $artikel
in APPPATH\Views\form_edit.php on line 25.
 1 APPPATH\Views\form_edit.php(25): CodeIgniter\Debug\Exceptions->errorHandler(2, 'Undefined variable $artikel', 'C:\\laragon\\www\\github31\\aradan_codeigniter\\app\\Views\\form_edit.php', 25)
 2 SYSTEMPATH\View\View.php(213): include('C:\\laragon\\www\\github31\\aradan_codeigniter\\app\\Views\\form_edit.php')
 3 SYSTEMPATH\View\View.php(216): CodeIgniter\View\View->CodeIgniter\View\{closure}()
 4 SYSTEMPATH\Common.php(1184): CodeIgniter\View\View->render('form_edit', [], true)
 5 APPPATH\Controllers\ProductController.php(76): view('form_edit', [...])
 6 SYSTEMPATH\CodeIgniter.php(934): App\Controllers\ProductController->form_edit('24')
 7 SYSTEMPATH\CodeIgniter.php(499): CodeIgniter\CodeIgniter->runController(Object(App\Controllers\ProductController))
 8 SYSTEMPATH\CodeIgniter.php(368): CodeIgniter\CodeIgniter->handleRequest(null, Object(Config\Cache), false)
 9 FCPATH\index.php(67): CodeIgniter\CodeIgniter->run()
10 SYSTEMPATH\Commands\Server\rewrite.php(47): require_once('C:\\laragon\\www\\github31\\aradan_codeigniter\\public\\index.php')
INFO - 2023-05-29 23:55:08 --> Session: Class initialized using 'CodeIgniter\Session\Handlers\FileHandler' driver.
INFO - 2023-05-29 23:55:10 --> Session: Class initialized using 'CodeIgniter\Session\Handlers\FileHandler' driver.
INFO - 2023-05-29 23:55:18 --> Session: Class initialized using 'CodeIgniter\Session\Handlers\FileHandler' driver.
CRITICAL - 2023-05-29 23:55:24 --> Undefined variable $artikel
in APPPATH\Views\form_edit.php on line 25.
 1 APPPATH\Views\form_edit.php(25): CodeIgniter\Debug\Exceptions->errorHandler(2, 'Undefined variable $artikel', 'C:\\laragon\\www\\github31\\aradan_codeigniter\\app\\Views\\form_edit.php', 25)
 2 SYSTEMPATH\View\View.php(213): include('C:\\laragon\\www\\github31\\aradan_codeigniter\\app\\Views\\form_edit.php')
 3 SYSTEMPATH\View\View.php(216): CodeIgniter\View\View->CodeIgniter\View\{closure}()
 4 SYSTEMPATH\Common.php(1184): CodeIgniter\View\View->render('form_edit', [], true)
 5 APPPATH\Controllers\ProductController.php(76): view('form_edit', [...])
 6 SYSTEMPATH\CodeIgniter.php(934): App\Controllers\ProductController->form_edit('24')
 7 SYSTEMPATH\CodeIgniter.php(499): CodeIgniter\CodeIgniter->runController(Object(App\Controllers\ProductController))
 8 SYSTEMPATH\CodeIgniter.php(368): CodeIgniter\CodeIgniter->handleRequest(null, Object(Config\Cache), false)
 9 FCPATH\index.php(67): CodeIgniter\CodeIgniter->run()
10 SYSTEMPATH\Commands\Server\rewrite.php(47): require_once('C:\\laragon\\www\\github31\\aradan_codeigniter\\public\\index.php')
INFO - 2023-05-29 23:55:32 --> Session: Class initialized using 'CodeIgniter\Session\Handlers\FileHandler' driver.
INFO - 2023-05-29 23:55:50 --> Session: Class initialized using 'CodeIgniter\Session\Handlers\FileHandler' driver.
CRITICAL - 2023-05-29 23:55:55 --> Undefined property: stdClass::$gambar
in APPPATH\Views\Product\form_edit.php on line 57.
 1 APPPATH\Views\Product\form_edit.php(57): CodeIgniter\Debug\Exceptions->errorHandler(2, 'Undefined property: stdClass::$gambar', 'C:\\laragon\\www\\github31\\aradan_codeigniter\\app\\Views\\Product\\form_edit.php', 57)
 2 SYSTEMPATH\View\View.php(213): include('C:\\laragon\\www\\github31\\aradan_codeigniter\\app\\Views\\Product\\form_edit.php')
 3 SYSTEMPATH\View\View.php(216): CodeIgniter\View\View->CodeIgniter\View\{closure}()
 4 SYSTEMPATH\Common.php(1184): CodeIgniter\View\View->render('Product/form_edit', [], true)
 5 APPPATH\Controllers\ProductController.php(76): view('Product/form_edit', [...])
 6 SYSTEMPATH\CodeIgniter.php(934): App\Controllers\ProductController->form_edit('24')
 7 SYSTEMPATH\CodeIgniter.php(499): CodeIgniter\CodeIgniter->runController(Object(App\Controllers\ProductController))
 8 SYSTEMPATH\CodeIgniter.php(368): CodeIgniter\CodeIgniter->handleRequest(null, Object(Config\Cache), false)
 9 FCPATH\index.php(67): CodeIgniter\CodeIgniter->run()
10 SYSTEMPATH\Commands\Server\rewrite.php(47): require_once('C:\\laragon\\www\\github31\\aradan_codeigniter\\public\\index.php')
CRITICAL - 2023-05-29 23:56:30 --> Undefined property: stdClass::$isi
in APPPATH\Views\Product\form_edit.php on line 67.
 1 APPPATH\Views\Product\form_edit.php(67): CodeIgniter\Debug\Exceptions->errorHandler(2, 'Undefined property: stdClass::$isi', 'C:\\laragon\\www\\github31\\aradan_codeigniter\\app\\Views\\Product\\form_edit.php', 67)
 2 SYSTEMPATH\View\View.php(213): include('C:\\laragon\\www\\github31\\aradan_codeigniter\\app\\Views\\Product\\form_edit.php')
 3 SYSTEMPATH\View\View.php(216): CodeIgniter\View\View->CodeIgniter\View\{closure}()
 4 SYSTEMPATH\Common.php(1184): CodeIgniter\View\View->render('Product/form_edit', [], true)
 5 APPPATH\Controllers\ProductController.php(76): view('Product/form_edit', [...])
 6 SYSTEMPATH\CodeIgniter.php(934): App\Controllers\ProductController->form_edit('24')
 7 SYSTEMPATH\CodeIgniter.php(499): CodeIgniter\CodeIgniter->runController(Object(App\Controllers\ProductController))
 8 SYSTEMPATH\CodeIgniter.php(368): CodeIgniter\CodeIgniter->handleRequest(null, Object(Config\Cache), false)
 9 FCPATH\index.php(67): CodeIgniter\CodeIgniter->run()
10 SYSTEMPATH\Commands\Server\rewrite.php(47): require_once('C:\\laragon\\www\\github31\\aradan_codeigniter\\public\\index.php')
