INFO - 2023-06-18 22:26:48 --> Session: Class initialized using 'CodeIgniter\Session\Handlers\FileHandler' driver.
INFO - 2023-06-18 22:28:19 --> Session: Class initialized using 'CodeIgniter\Session\Handlers\FileHandler' driver.
CRITICAL - 2023-06-18 22:39:15 --> Class "App\Models\UserModel" not found
in APPPATH\Controllers\UserController.php on line 12.
 1 SYSTEMPATH\CodeIgniter.php(934): App\Controllers\UserController->index()
 2 SYSTEMPATH\CodeIgniter.php(499): CodeIgniter\CodeIgniter->runController(Object(App\Controllers\UserController))
 3 SYSTEMPATH\CodeIgniter.php(368): CodeIgniter\CodeIgniter->handleRequest(null, Object(Config\Cache), false)
 4 FCPATH\index.php(67): CodeIgniter\CodeIgniter->run()
 5 SYSTEMPATH\Commands\Server\rewrite.php(47): require_once('C:\\laragon\\www\\github31\\aradan_codeigniter\\public\\index.php')
INFO - 2023-06-18 22:59:06 --> Session: Class initialized using 'CodeIgniter\Session\Handlers\FileHandler' driver.
INFO - 2023-06-18 23:00:21 --> Session: Class initialized using 'CodeIgniter\Session\Handlers\FileHandler' driver.
INFO - 2023-06-18 23:00:48 --> Session: Class initialized using 'CodeIgniter\Session\Handlers\FileHandler' driver.
INFO - 2023-06-18 23:01:44 --> Session: Class initialized using 'CodeIgniter\Session\Handlers\FileHandler' driver.
INFO - 2023-06-18 23:02:31 --> Session: Class initialized using 'CodeIgniter\Session\Handlers\FileHandler' driver.
INFO - 2023-06-18 23:04:26 --> Session: Class initialized using 'CodeIgniter\Session\Handlers\FileHandler' driver.
INFO - 2023-06-18 23:04:50 --> Session: Class initialized using 'CodeIgniter\Session\Handlers\FileHandler' driver.
INFO - 2023-06-18 23:05:06 --> Session: Class initialized using 'CodeIgniter\Session\Handlers\FileHandler' driver.
INFO - 2023-06-18 23:05:18 --> Session: Class initialized using 'CodeIgniter\Session\Handlers\FileHandler' driver.
INFO - 2023-06-18 23:05:19 --> Session: Class initialized using 'CodeIgniter\Session\Handlers\FileHandler' driver.
CRITICAL - 2023-06-18 23:05:27 --> Undefined property: stdClass::$size
in APPPATH\Views\product\form_edit.php on line 49.
 1 APPPATH\Views\product\form_edit.php(49): CodeIgniter\Debug\Exceptions->errorHandler(2, 'Undefined property: stdClass::$size', 'C:\\laragon\\www\\github31\\aradan_codeigniter\\app\\Views\\product\\form_edit.php', 49)
 2 SYSTEMPATH\View\View.php(213): include('C:\\laragon\\www\\github31\\aradan_codeigniter\\app\\Views\\product\\form_edit.php')
 3 SYSTEMPATH\View\View.php(216): CodeIgniter\View\View->CodeIgniter\View\{closure}()
 4 SYSTEMPATH\Common.php(1184): CodeIgniter\View\View->render('Product/form_edit', [], true)
 5 APPPATH\Controllers\ProductController.php(74): view('Product/form_edit', [...])
 6 SYSTEMPATH\CodeIgniter.php(934): App\Controllers\ProductController->form_edit('1')
 7 SYSTEMPATH\CodeIgniter.php(499): CodeIgniter\CodeIgniter->runController(Object(App\Controllers\ProductController))
 8 SYSTEMPATH\CodeIgniter.php(368): CodeIgniter\CodeIgniter->handleRequest(null, Object(Config\Cache), false)
 9 FCPATH\index.php(67): CodeIgniter\CodeIgniter->run()
10 SYSTEMPATH\Commands\Server\rewrite.php(47): require_once('C:\\laragon\\www\\github31\\aradan_codeigniter\\public\\index.php')
CRITICAL - 2023-06-18 23:06:15 --> Undefined property: stdClass::$color
in APPPATH\Views\product\form_edit.php on line 49.
 1 APPPATH\Views\product\form_edit.php(49): CodeIgniter\Debug\Exceptions->errorHandler(2, 'Undefined property: stdClass::$color', 'C:\\laragon\\www\\github31\\aradan_codeigniter\\app\\Views\\product\\form_edit.php', 49)
 2 SYSTEMPATH\View\View.php(213): include('C:\\laragon\\www\\github31\\aradan_codeigniter\\app\\Views\\product\\form_edit.php')
 3 SYSTEMPATH\View\View.php(216): CodeIgniter\View\View->CodeIgniter\View\{closure}()
 4 SYSTEMPATH\Common.php(1184): CodeIgniter\View\View->render('Product/form_edit', [], true)
 5 APPPATH\Controllers\ProductController.php(74): view('Product/form_edit', [...])
 6 SYSTEMPATH\CodeIgniter.php(934): App\Controllers\ProductController->form_edit('1')
 7 SYSTEMPATH\CodeIgniter.php(499): CodeIgniter\CodeIgniter->runController(Object(App\Controllers\ProductController))
 8 SYSTEMPATH\CodeIgniter.php(368): CodeIgniter\CodeIgniter->handleRequest(null, Object(Config\Cache), false)
 9 FCPATH\index.php(67): CodeIgniter\CodeIgniter->run()
10 SYSTEMPATH\Commands\Server\rewrite.php(47): require_once('C:\\laragon\\www\\github31\\aradan_codeigniter\\public\\index.php')
CRITICAL - 2023-06-18 23:06:37 --> Undefined property: stdClass::$description
in APPPATH\Views\product\form_edit.php on line 55.
 1 APPPATH\Views\product\form_edit.php(55): CodeIgniter\Debug\Exceptions->errorHandler(2, 'Undefined property: stdClass::$description', 'C:\\laragon\\www\\github31\\aradan_codeigniter\\app\\Views\\product\\form_edit.php', 55)
 2 SYSTEMPATH\View\View.php(213): include('C:\\laragon\\www\\github31\\aradan_codeigniter\\app\\Views\\product\\form_edit.php')
 3 SYSTEMPATH\View\View.php(216): CodeIgniter\View\View->CodeIgniter\View\{closure}()
 4 SYSTEMPATH\Common.php(1184): CodeIgniter\View\View->render('Product/form_edit', [], true)
 5 APPPATH\Controllers\ProductController.php(74): view('Product/form_edit', [...])
 6 SYSTEMPATH\CodeIgniter.php(934): App\Controllers\ProductController->form_edit('1')
 7 SYSTEMPATH\CodeIgniter.php(499): CodeIgniter\CodeIgniter->runController(Object(App\Controllers\ProductController))
 8 SYSTEMPATH\CodeIgniter.php(368): CodeIgniter\CodeIgniter->handleRequest(null, Object(Config\Cache), false)
 9 FCPATH\index.php(67): CodeIgniter\CodeIgniter->run()
10 SYSTEMPATH\Commands\Server\rewrite.php(47): require_once('C:\\laragon\\www\\github31\\aradan_codeigniter\\public\\index.php')
ERROR - 2023-06-18 23:07:35 --> mysqli_sql_exception: Unknown column 'size' in 'field list' in C:\laragon\www\github31\aradan_codeigniter\system\Database\MySQLi\Connection.php:295
Stack trace:
#0 C:\laragon\www\github31\aradan_codeigniter\system\Database\MySQLi\Connection.php(295): mysqli->query('UPDATE `product...', 0)
#1 C:\laragon\www\github31\aradan_codeigniter\system\Database\BaseConnection.php(692): CodeIgniter\Database\MySQLi\Connection->execute('UPDATE `product...')
#2 C:\laragon\www\github31\aradan_codeigniter\system\Database\BaseConnection.php(606): CodeIgniter\Database\BaseConnection->simpleQuery('UPDATE `product...')
#3 C:\laragon\www\github31\aradan_codeigniter\system\Database\BaseBuilder.php(2476): CodeIgniter\Database\BaseConnection->query('UPDATE `product...', Array, false)
#4 C:\laragon\www\github31\aradan_codeigniter\app\Models\Product.php(29): CodeIgniter\Database\BaseBuilder->update(Array, Array)
#5 C:\laragon\www\github31\aradan_codeigniter\app\Controllers\ProductController.php(115): App\Models\Product->edit_data('1', Array)
#6 C:\laragon\www\github31\aradan_codeigniter\system\CodeIgniter.php(934): App\Controllers\ProductController->edit()
#7 C:\laragon\www\github31\aradan_codeigniter\system\CodeIgniter.php(499): CodeIgniter\CodeIgniter->runController(Object(App\Controllers\ProductController))
#8 C:\laragon\www\github31\aradan_codeigniter\system\CodeIgniter.php(368): CodeIgniter\CodeIgniter->handleRequest(NULL, Object(Config\Cache), false)
#9 C:\laragon\www\github31\aradan_codeigniter\public\index.php(67): CodeIgniter\CodeIgniter->run()
#10 C:\laragon\www\github31\aradan_codeigniter\system\Commands\Server\rewrite.php(47): require_once('C:\\laragon\\www\\...')
#11 {main}
CRITICAL - 2023-06-18 23:07:35 --> Unknown column 'size' in 'field list'
in SYSTEMPATH\Database\MySQLi\Connection.php on line 295.
 1 SYSTEMPATH\Database\MySQLi\Connection.php(295): mysqli->query('UPDATE `products` SET `name` = \'aslan1\', `price` = \'2000000\', `size` = NULL, `color` = NULL, `status` = \'waiting\', `description` = NULL, `slug` = \'-\'
WHERE `id` = \'1\'', 0)
 2 SYSTEMPATH\Database\BaseConnection.php(692): CodeIgniter\Database\MySQLi\Connection->execute('UPDATE `products` SET `name` = \'aslan1\', `price` = \'2000000\', `size` = NULL, `color` = NULL, `status` = \'waiting\', `description` = NULL, `slug` = \'-\'
WHERE `id` = \'1\'')
 3 SYSTEMPATH\Database\BaseConnection.php(606): CodeIgniter\Database\BaseConnection->simpleQuery('UPDATE `products` SET `name` = \'aslan1\', `price` = \'2000000\', `size` = NULL, `color` = NULL, `status` = \'waiting\', `description` = NULL, `slug` = \'-\'
WHERE `id` = \'1\'')
 4 SYSTEMPATH\Database\BaseBuilder.php(2476): CodeIgniter\Database\BaseConnection->query('UPDATE `products` SET `name` = :name:, `price` = :price:, `size` = :size:, `color` = :color:, `status` = :status:, `description` = :description:, `slug` = :slug:
WHERE `id` = :id:', [...], false)
 5 APPPATH\Models\Product.php(29): CodeIgniter\Database\BaseBuilder->update([...], [...])
 6 APPPATH\Controllers\ProductController.php(115): App\Models\Product->edit_data('1', [...])
 7 SYSTEMPATH\CodeIgniter.php(934): App\Controllers\ProductController->edit()
 8 SYSTEMPATH\CodeIgniter.php(499): CodeIgniter\CodeIgniter->runController(Object(App\Controllers\ProductController))
 9 SYSTEMPATH\CodeIgniter.php(368): CodeIgniter\CodeIgniter->handleRequest(null, Object(Config\Cache), false)
10 FCPATH\index.php(67): CodeIgniter\CodeIgniter->run()
11 SYSTEMPATH\Commands\Server\rewrite.php(47): require_once('C:\\laragon\\www\\github31\\aradan_codeigniter\\public\\index.php')
INFO - 2023-06-18 23:08:13 --> Session: Class initialized using 'CodeIgniter\Session\Handlers\FileHandler' driver.
INFO - 2023-06-18 23:09:59 --> Session: Class initialized using 'CodeIgniter\Session\Handlers\FileHandler' driver.
INFO - 2023-06-18 23:10:00 --> Session: Class initialized using 'CodeIgniter\Session\Handlers\FileHandler' driver.
INFO - 2023-06-18 23:42:38 --> Session: Class initialized using 'CodeIgniter\Session\Handlers\FileHandler' driver.
